2013-11-24 06:39:16 Notice: Notice (8): Undefined property: UsersController::$Auth in [/Users/sandeepankundu/Sites/cakephp13/myapp/controllers/users_controller.php, line 6]
2013-11-24 06:41:37 Notice: Notice (8): Undefined property: UsersController::$Auth in [/Users/sandeepankundu/Sites/cakephp13/myapp/controllers/users_controller.php, line 6]
2013-11-24 06:41:47 Notice: Notice (8): Undefined property: UsersController::$Auth in [/Users/sandeepankundu/Sites/cakephp13/myapp/controllers/users_controller.php, line 6]
2013-11-24 06:42:20 Notice: Notice (8): Undefined property: UsersController::$Auth in [/Users/sandeepankundu/Sites/cakephp13/myapp/controllers/users_controller.php, line 6]
2013-11-24 06:45:18 Notice: Notice (8): Undefined property: UsersController::$Auth in [/Users/sandeepankundu/Sites/cakephp13/myapp/controllers/users_controller.php, line 6]
2013-11-24 08:32:50 Notice: Notice (8): Undefined property: UsersController::$Auth in [/Users/sandeepankundu/Sites/cakephp13/myapp/controllers/users_controller.php, line 6]
2013-11-24 08:32:51 Notice: Notice (8): Undefined property: UsersController::$Auth in [/Users/sandeepankundu/Sites/cakephp13/myapp/controllers/users_controller.php, line 6]
2013-11-24 08:32:52 Notice: Notice (8): Undefined property: UsersController::$Auth in [/Users/sandeepankundu/Sites/cakephp13/myapp/controllers/users_controller.php, line 6]
2013-11-24 08:32:53 Notice: Notice (8): Undefined property: UsersController::$Auth in [/Users/sandeepankundu/Sites/cakephp13/myapp/controllers/users_controller.php, line 6]
2013-11-24 08:33:50 Notice: Notice (8): Undefined property: UsersController::$Auth in [/Users/sandeepankundu/Sites/cakephp13/myapp/controllers/users_controller.php, line 13]
2013-11-24 08:36:50 Notice: Notice (8): Undefined property: UsersController::$Auth in [/Users/sandeepankundu/Sites/cakephp13/myapp/controllers/users_controller.php, line 13]
2013-11-24 11:17:30 Notice: Notice (8): Undefined variable: isAuthorized in [/Users/sandeepankundu/Sites/cakephp13/myapp/controllers/app_controller.php, line 32]
2013-11-24 11:17:31 Notice: Notice (8): Undefined variable: isAuthorized in [/Users/sandeepankundu/Sites/cakephp13/myapp/controllers/app_controller.php, line 32]
2013-11-24 11:17:31 Notice: Notice (8): Undefined variable: isAuthorized in [/Users/sandeepankundu/Sites/cakephp13/myapp/controllers/app_controller.php, line 32]
2013-11-24 11:17:31 Notice: Notice (8): Undefined variable: isAuthorized in [/Users/sandeepankundu/Sites/cakephp13/myapp/controllers/app_controller.php, line 32]
2013-11-24 11:17:31 Notice: Notice (8): Undefined variable: isAuthorized in [/Users/sandeepankundu/Sites/cakephp13/myapp/controllers/app_controller.php, line 32]
2013-11-24 11:17:31 Notice: Notice (8): Undefined variable: isAuthorized in [/Users/sandeepankundu/Sites/cakephp13/myapp/controllers/app_controller.php, line 32]
2013-11-24 11:17:31 Notice: Notice (8): Undefined variable: isAuthorized in [/Users/sandeepankundu/Sites/cakephp13/myapp/controllers/app_controller.php, line 32]
2013-11-24 11:17:31 Notice: Notice (8): Undefined variable: isAuthorized in [/Users/sandeepankundu/Sites/cakephp13/myapp/controllers/app_controller.php, line 32]
2013-11-24 11:17:31 Notice: Notice (8): Undefined variable: isAuthorized in [/Users/sandeepankundu/Sites/cakephp13/myapp/controllers/app_controller.php, line 32]
2013-11-24 11:17:31 Notice: Notice (8): Undefined variable: isAuthorized in [/Users/sandeepankundu/Sites/cakephp13/myapp/controllers/app_controller.php, line 32]
2013-11-24 11:17:31 Notice: Notice (8): Undefined variable: isAuthorized in [/Users/sandeepankundu/Sites/cakephp13/myapp/controllers/app_controller.php, line 32]
2013-11-24 11:17:31 Notice: Notice (8): Undefined variable: isAuthorized in [/Users/sandeepankundu/Sites/cakephp13/myapp/controllers/app_controller.php, line 32]
2013-11-24 11:17:31 Notice: Notice (8): Undefined variable: isAuthorized in [/Users/sandeepankundu/Sites/cakephp13/myapp/controllers/app_controller.php, line 32]
2013-11-24 11:17:31 Notice: Notice (8): Undefined variable: isAuthorized in [/Users/sandeepankundu/Sites/cakephp13/myapp/controllers/app_controller.php, line 32]
2013-11-24 11:17:31 Notice: Notice (8): Undefined variable: isAuthorized in [/Users/sandeepankundu/Sites/cakephp13/myapp/controllers/app_controller.php, line 32]
2013-11-24 11:17:31 Notice: Notice (8): Undefined variable: isAuthorized in [/Users/sandeepankundu/Sites/cakephp13/myapp/controllers/app_controller.php, line 32]
2013-11-24 11:17:31 Notice: Notice (8): Undefined variable: isAuthorized in [/Users/sandeepankundu/Sites/cakephp13/myapp/controllers/app_controller.php, line 32]
2013-11-24 11:17:31 Notice: Notice (8): Undefined variable: isAuthorized in [/Users/sandeepankundu/Sites/cakephp13/myapp/controllers/app_controller.php, line 32]
2013-11-24 11:17:31 Notice: Notice (8): Undefined variable: isAuthorized in [/Users/sandeepankundu/Sites/cakephp13/myapp/controllers/app_controller.php, line 32]
2013-11-24 11:17:31 Notice: Notice (8): Undefined variable: isAuthorized in [/Users/sandeepankundu/Sites/cakephp13/myapp/controllers/app_controller.php, line 32]
2013-11-24 11:17:31 Notice: Notice (8): Undefined variable: isAuthorized in [/Users/sandeepankundu/Sites/cakephp13/myapp/controllers/app_controller.php, line 32]
2013-11-24 11:17:33 Notice: Notice (8): Undefined variable: isAuthorized in [/Users/sandeepankundu/Sites/cakephp13/myapp/controllers/app_controller.php, line 32]
2013-11-24 11:17:33 Notice: Notice (8): Undefined variable: isAuthorized in [/Users/sandeepankundu/Sites/cakephp13/myapp/controllers/app_controller.php, line 32]
2013-11-24 11:17:33 Notice: Notice (8): Undefined variable: isAuthorized in [/Users/sandeepankundu/Sites/cakephp13/myapp/controllers/app_controller.php, line 32]
2013-11-24 11:17:34 Notice: Notice (8): Undefined variable: isAuthorized in [/Users/sandeepankundu/Sites/cakephp13/myapp/controllers/app_controller.php, line 32]
2013-11-24 11:17:34 Notice: Notice (8): Undefined variable: isAuthorized in [/Users/sandeepankundu/Sites/cakephp13/myapp/controllers/app_controller.php, line 32]
2013-11-24 11:17:34 Notice: Notice (8): Undefined variable: isAuthorized in [/Users/sandeepankundu/Sites/cakephp13/myapp/controllers/app_controller.php, line 32]
2013-11-24 11:17:34 Notice: Notice (8): Undefined variable: isAuthorized in [/Users/sandeepankundu/Sites/cakephp13/myapp/controllers/app_controller.php, line 32]
2013-11-24 11:17:34 Notice: Notice (8): Undefined variable: isAuthorized in [/Users/sandeepankundu/Sites/cakephp13/myapp/controllers/app_controller.php, line 32]
2013-11-24 11:17:34 Notice: Notice (8): Undefined variable: isAuthorized in [/Users/sandeepankundu/Sites/cakephp13/myapp/controllers/app_controller.php, line 32]
2013-11-24 11:17:34 Notice: Notice (8): Undefined variable: isAuthorized in [/Users/sandeepankundu/Sites/cakephp13/myapp/controllers/app_controller.php, line 32]
2013-11-24 11:17:34 Notice: Notice (8): Undefined variable: isAuthorized in [/Users/sandeepankundu/Sites/cakephp13/myapp/controllers/app_controller.php, line 32]
2013-11-24 11:17:34 Notice: Notice (8): Undefined variable: isAuthorized in [/Users/sandeepankundu/Sites/cakephp13/myapp/controllers/app_controller.php, line 32]
2013-11-24 11:17:34 Notice: Notice (8): Undefined variable: isAuthorized in [/Users/sandeepankundu/Sites/cakephp13/myapp/controllers/app_controller.php, line 32]
2013-11-24 11:17:34 Notice: Notice (8): Undefined variable: isAuthorized in [/Users/sandeepankundu/Sites/cakephp13/myapp/controllers/app_controller.php, line 32]
2013-11-24 11:17:34 Notice: Notice (8): Undefined variable: isAuthorized in [/Users/sandeepankundu/Sites/cakephp13/myapp/controllers/app_controller.php, line 32]
2013-11-24 11:17:34 Notice: Notice (8): Undefined variable: isAuthorized in [/Users/sandeepankundu/Sites/cakephp13/myapp/controllers/app_controller.php, line 32]
2013-11-24 11:17:34 Notice: Notice (8): Undefined variable: isAuthorized in [/Users/sandeepankundu/Sites/cakephp13/myapp/controllers/app_controller.php, line 32]
2013-11-24 11:17:34 Notice: Notice (8): Undefined variable: isAuthorized in [/Users/sandeepankundu/Sites/cakephp13/myapp/controllers/app_controller.php, line 32]
2013-11-24 11:17:34 Notice: Notice (8): Undefined variable: isAuthorized in [/Users/sandeepankundu/Sites/cakephp13/myapp/controllers/app_controller.php, line 32]
2013-11-24 11:17:34 Notice: Notice (8): Undefined variable: isAuthorized in [/Users/sandeepankundu/Sites/cakephp13/myapp/controllers/app_controller.php, line 32]
2013-11-24 11:17:34 Notice: Notice (8): Undefined variable: isAuthorized in [/Users/sandeepankundu/Sites/cakephp13/myapp/controllers/app_controller.php, line 32]
2013-11-24 11:18:08 Notice: Notice (8): Undefined variable: isUserAuthorized in [/Users/sandeepankundu/Sites/cakephp13/myapp/controllers/app_controller.php, line 32]
2013-11-24 11:18:08 Notice: Notice (8): Undefined variable: isUserAuthorized in [/Users/sandeepankundu/Sites/cakephp13/myapp/controllers/app_controller.php, line 32]
2013-11-24 11:18:08 Notice: Notice (8): Undefined variable: isUserAuthorized in [/Users/sandeepankundu/Sites/cakephp13/myapp/controllers/app_controller.php, line 32]
2013-11-24 11:18:08 Notice: Notice (8): Undefined variable: isUserAuthorized in [/Users/sandeepankundu/Sites/cakephp13/myapp/controllers/app_controller.php, line 32]
2013-11-24 11:18:08 Notice: Notice (8): Undefined variable: isUserAuthorized in [/Users/sandeepankundu/Sites/cakephp13/myapp/controllers/app_controller.php, line 32]
2013-11-24 11:18:09 Notice: Notice (8): Undefined variable: isUserAuthorized in [/Users/sandeepankundu/Sites/cakephp13/myapp/controllers/app_controller.php, line 32]
2013-11-24 11:18:09 Notice: Notice (8): Undefined variable: isUserAuthorized in [/Users/sandeepankundu/Sites/cakephp13/myapp/controllers/app_controller.php, line 32]
2013-11-24 11:18:09 Notice: Notice (8): Undefined variable: isUserAuthorized in [/Users/sandeepankundu/Sites/cakephp13/myapp/controllers/app_controller.php, line 32]
2013-11-24 11:18:09 Notice: Notice (8): Undefined variable: isUserAuthorized in [/Users/sandeepankundu/Sites/cakephp13/myapp/controllers/app_controller.php, line 32]
2013-11-24 11:18:09 Notice: Notice (8): Undefined variable: isUserAuthorized in [/Users/sandeepankundu/Sites/cakephp13/myapp/controllers/app_controller.php, line 32]
2013-11-24 11:18:09 Notice: Notice (8): Undefined variable: isUserAuthorized in [/Users/sandeepankundu/Sites/cakephp13/myapp/controllers/app_controller.php, line 32]
2013-11-24 11:18:09 Notice: Notice (8): Undefined variable: isUserAuthorized in [/Users/sandeepankundu/Sites/cakephp13/myapp/controllers/app_controller.php, line 32]
2013-11-24 11:18:09 Notice: Notice (8): Undefined variable: isUserAuthorized in [/Users/sandeepankundu/Sites/cakephp13/myapp/controllers/app_controller.php, line 32]
2013-11-24 11:18:09 Notice: Notice (8): Undefined variable: isUserAuthorized in [/Users/sandeepankundu/Sites/cakephp13/myapp/controllers/app_controller.php, line 32]
2013-11-24 11:18:09 Notice: Notice (8): Undefined variable: isUserAuthorized in [/Users/sandeepankundu/Sites/cakephp13/myapp/controllers/app_controller.php, line 32]
2013-11-24 11:18:09 Notice: Notice (8): Undefined variable: isUserAuthorized in [/Users/sandeepankundu/Sites/cakephp13/myapp/controllers/app_controller.php, line 32]
2013-11-24 11:18:09 Notice: Notice (8): Undefined variable: isUserAuthorized in [/Users/sandeepankundu/Sites/cakephp13/myapp/controllers/app_controller.php, line 32]
2013-11-24 11:18:09 Notice: Notice (8): Undefined variable: isUserAuthorized in [/Users/sandeepankundu/Sites/cakephp13/myapp/controllers/app_controller.php, line 32]
2013-11-24 11:18:09 Notice: Notice (8): Undefined variable: isUserAuthorized in [/Users/sandeepankundu/Sites/cakephp13/myapp/controllers/app_controller.php, line 32]
2013-11-24 11:18:09 Notice: Notice (8): Undefined variable: isUserAuthorized in [/Users/sandeepankundu/Sites/cakephp13/myapp/controllers/app_controller.php, line 32]
2013-11-24 11:18:09 Notice: Notice (8): Undefined variable: isUserAuthorized in [/Users/sandeepankundu/Sites/cakephp13/myapp/controllers/app_controller.php, line 32]
2013-11-24 11:18:11 Notice: Notice (8): Undefined variable: isUserAuthorized in [/Users/sandeepankundu/Sites/cakephp13/myapp/controllers/app_controller.php, line 32]
2013-11-24 11:18:11 Notice: Notice (8): Undefined variable: isUserAuthorized in [/Users/sandeepankundu/Sites/cakephp13/myapp/controllers/app_controller.php, line 32]
2013-11-24 11:18:11 Notice: Notice (8): Undefined variable: isUserAuthorized in [/Users/sandeepankundu/Sites/cakephp13/myapp/controllers/app_controller.php, line 32]
2013-11-24 11:18:12 Notice: Notice (8): Undefined variable: isUserAuthorized in [/Users/sandeepankundu/Sites/cakephp13/myapp/controllers/app_controller.php, line 32]
2013-11-24 11:18:12 Notice: Notice (8): Undefined variable: isUserAuthorized in [/Users/sandeepankundu/Sites/cakephp13/myapp/controllers/app_controller.php, line 32]
2013-11-24 11:18:12 Notice: Notice (8): Undefined variable: isUserAuthorized in [/Users/sandeepankundu/Sites/cakephp13/myapp/controllers/app_controller.php, line 32]
2013-11-24 11:18:12 Notice: Notice (8): Undefined variable: isUserAuthorized in [/Users/sandeepankundu/Sites/cakephp13/myapp/controllers/app_controller.php, line 32]
2013-11-24 11:18:12 Notice: Notice (8): Undefined variable: isUserAuthorized in [/Users/sandeepankundu/Sites/cakephp13/myapp/controllers/app_controller.php, line 32]
2013-11-24 11:18:12 Notice: Notice (8): Undefined variable: isUserAuthorized in [/Users/sandeepankundu/Sites/cakephp13/myapp/controllers/app_controller.php, line 32]
2013-11-24 11:18:12 Notice: Notice (8): Undefined variable: isUserAuthorized in [/Users/sandeepankundu/Sites/cakephp13/myapp/controllers/app_controller.php, line 32]
2013-11-24 11:18:12 Notice: Notice (8): Undefined variable: isUserAuthorized in [/Users/sandeepankundu/Sites/cakephp13/myapp/controllers/app_controller.php, line 32]
2013-11-24 11:18:12 Notice: Notice (8): Undefined variable: isUserAuthorized in [/Users/sandeepankundu/Sites/cakephp13/myapp/controllers/app_controller.php, line 32]
2013-11-24 11:18:12 Notice: Notice (8): Undefined variable: isUserAuthorized in [/Users/sandeepankundu/Sites/cakephp13/myapp/controllers/app_controller.php, line 32]
2013-11-24 11:18:12 Notice: Notice (8): Undefined variable: isUserAuthorized in [/Users/sandeepankundu/Sites/cakephp13/myapp/controllers/app_controller.php, line 32]
2013-11-24 11:18:12 Notice: Notice (8): Undefined variable: isUserAuthorized in [/Users/sandeepankundu/Sites/cakephp13/myapp/controllers/app_controller.php, line 32]
2013-11-24 11:18:12 Notice: Notice (8): Undefined variable: isUserAuthorized in [/Users/sandeepankundu/Sites/cakephp13/myapp/controllers/app_controller.php, line 32]
2013-11-24 11:18:12 Notice: Notice (8): Undefined variable: isUserAuthorized in [/Users/sandeepankundu/Sites/cakephp13/myapp/controllers/app_controller.php, line 32]
2013-11-24 11:18:12 Notice: Notice (8): Undefined variable: isUserAuthorized in [/Users/sandeepankundu/Sites/cakephp13/myapp/controllers/app_controller.php, line 32]
2013-11-24 11:18:12 Notice: Notice (8): Undefined variable: isUserAuthorized in [/Users/sandeepankundu/Sites/cakephp13/myapp/controllers/app_controller.php, line 32]
2013-11-24 11:18:12 Notice: Notice (8): Undefined variable: isUserAuthorized in [/Users/sandeepankundu/Sites/cakephp13/myapp/controllers/app_controller.php, line 32]
2013-11-24 11:18:12 Notice: Notice (8): Undefined variable: isUserAuthorized in [/Users/sandeepankundu/Sites/cakephp13/myapp/controllers/app_controller.php, line 32]
2013-11-24 11:18:13 Notice: Notice (8): Undefined variable: isUserAuthorized in [/Users/sandeepankundu/Sites/cakephp13/myapp/controllers/app_controller.php, line 32]
2013-11-24 11:18:13 Notice: Notice (8): Undefined variable: isUserAuthorized in [/Users/sandeepankundu/Sites/cakephp13/myapp/controllers/app_controller.php, line 32]
2013-11-24 11:18:13 Notice: Notice (8): Undefined variable: isUserAuthorized in [/Users/sandeepankundu/Sites/cakephp13/myapp/controllers/app_controller.php, line 32]
2013-11-24 11:18:13 Notice: Notice (8): Undefined variable: isUserAuthorized in [/Users/sandeepankundu/Sites/cakephp13/myapp/controllers/app_controller.php, line 32]
2013-11-24 11:18:13 Notice: Notice (8): Undefined variable: isUserAuthorized in [/Users/sandeepankundu/Sites/cakephp13/myapp/controllers/app_controller.php, line 32]
2013-11-24 11:18:13 Notice: Notice (8): Undefined variable: isUserAuthorized in [/Users/sandeepankundu/Sites/cakephp13/myapp/controllers/app_controller.php, line 32]
2013-11-24 11:18:13 Notice: Notice (8): Undefined variable: isUserAuthorized in [/Users/sandeepankundu/Sites/cakephp13/myapp/controllers/app_controller.php, line 32]
2013-11-24 11:18:13 Notice: Notice (8): Undefined variable: isUserAuthorized in [/Users/sandeepankundu/Sites/cakephp13/myapp/controllers/app_controller.php, line 32]
2013-11-24 11:18:13 Notice: Notice (8): Undefined variable: isUserAuthorized in [/Users/sandeepankundu/Sites/cakephp13/myapp/controllers/app_controller.php, line 32]
2013-11-24 11:18:13 Notice: Notice (8): Undefined variable: isUserAuthorized in [/Users/sandeepankundu/Sites/cakephp13/myapp/controllers/app_controller.php, line 32]
2013-11-24 11:18:13 Notice: Notice (8): Undefined variable: isUserAuthorized in [/Users/sandeepankundu/Sites/cakephp13/myapp/controllers/app_controller.php, line 32]
2013-11-24 11:18:13 Notice: Notice (8): Undefined variable: isUserAuthorized in [/Users/sandeepankundu/Sites/cakephp13/myapp/controllers/app_controller.php, line 32]
2013-11-24 11:18:13 Notice: Notice (8): Undefined variable: isUserAuthorized in [/Users/sandeepankundu/Sites/cakephp13/myapp/controllers/app_controller.php, line 32]
2013-11-24 11:18:13 Notice: Notice (8): Undefined variable: isUserAuthorized in [/Users/sandeepankundu/Sites/cakephp13/myapp/controllers/app_controller.php, line 32]
2013-11-24 11:18:13 Notice: Notice (8): Undefined variable: isUserAuthorized in [/Users/sandeepankundu/Sites/cakephp13/myapp/controllers/app_controller.php, line 32]
2013-11-24 11:18:13 Notice: Notice (8): Undefined variable: isUserAuthorized in [/Users/sandeepankundu/Sites/cakephp13/myapp/controllers/app_controller.php, line 32]
2013-11-24 11:18:14 Notice: Notice (8): Undefined variable: isUserAuthorized in [/Users/sandeepankundu/Sites/cakephp13/myapp/controllers/app_controller.php, line 32]
2013-11-24 11:18:14 Notice: Notice (8): Undefined variable: isUserAuthorized in [/Users/sandeepankundu/Sites/cakephp13/myapp/controllers/app_controller.php, line 32]
2013-11-24 11:18:14 Notice: Notice (8): Undefined variable: isUserAuthorized in [/Users/sandeepankundu/Sites/cakephp13/myapp/controllers/app_controller.php, line 32]
2013-11-24 11:18:14 Notice: Notice (8): Undefined variable: isUserAuthorized in [/Users/sandeepankundu/Sites/cakephp13/myapp/controllers/app_controller.php, line 32]
2013-11-24 11:18:14 Notice: Notice (8): Undefined variable: isUserAuthorized in [/Users/sandeepankundu/Sites/cakephp13/myapp/controllers/app_controller.php, line 32]
2013-11-24 11:18:19 Notice: Notice (8): Undefined variable: isUserAuthorized in [/Users/sandeepankundu/Sites/cakephp13/myapp/controllers/app_controller.php, line 32]
2013-11-24 11:18:20 Notice: Notice (8): Undefined variable: isUserAuthorized in [/Users/sandeepankundu/Sites/cakephp13/myapp/controllers/app_controller.php, line 32]
2013-11-24 11:18:20 Notice: Notice (8): Undefined variable: isUserAuthorized in [/Users/sandeepankundu/Sites/cakephp13/myapp/controllers/app_controller.php, line 32]
2013-11-24 11:18:20 Notice: Notice (8): Undefined variable: isUserAuthorized in [/Users/sandeepankundu/Sites/cakephp13/myapp/controllers/app_controller.php, line 32]
2013-11-24 11:18:20 Notice: Notice (8): Undefined variable: isUserAuthorized in [/Users/sandeepankundu/Sites/cakephp13/myapp/controllers/app_controller.php, line 32]
2013-11-24 11:18:20 Notice: Notice (8): Undefined variable: isUserAuthorized in [/Users/sandeepankundu/Sites/cakephp13/myapp/controllers/app_controller.php, line 32]
2013-11-24 11:18:20 Notice: Notice (8): Undefined variable: isUserAuthorized in [/Users/sandeepankundu/Sites/cakephp13/myapp/controllers/app_controller.php, line 32]
2013-11-24 11:18:20 Notice: Notice (8): Undefined variable: isUserAuthorized in [/Users/sandeepankundu/Sites/cakephp13/myapp/controllers/app_controller.php, line 32]
2013-11-24 11:18:20 Notice: Notice (8): Undefined variable: isUserAuthorized in [/Users/sandeepankundu/Sites/cakephp13/myapp/controllers/app_controller.php, line 32]
2013-11-24 11:18:20 Notice: Notice (8): Undefined variable: isUserAuthorized in [/Users/sandeepankundu/Sites/cakephp13/myapp/controllers/app_controller.php, line 32]
2013-11-24 11:18:20 Notice: Notice (8): Undefined variable: isUserAuthorized in [/Users/sandeepankundu/Sites/cakephp13/myapp/controllers/app_controller.php, line 32]
2013-11-24 11:18:20 Notice: Notice (8): Undefined variable: isUserAuthorized in [/Users/sandeepankundu/Sites/cakephp13/myapp/controllers/app_controller.php, line 32]
2013-11-24 11:18:20 Notice: Notice (8): Undefined variable: isUserAuthorized in [/Users/sandeepankundu/Sites/cakephp13/myapp/controllers/app_controller.php, line 32]
2013-11-24 11:18:20 Notice: Notice (8): Undefined variable: isUserAuthorized in [/Users/sandeepankundu/Sites/cakephp13/myapp/controllers/app_controller.php, line 32]
2013-11-24 11:18:20 Notice: Notice (8): Undefined variable: isUserAuthorized in [/Users/sandeepankundu/Sites/cakephp13/myapp/controllers/app_controller.php, line 32]
2013-11-24 11:18:20 Notice: Notice (8): Undefined variable: isUserAuthorized in [/Users/sandeepankundu/Sites/cakephp13/myapp/controllers/app_controller.php, line 32]
2013-11-24 11:18:20 Notice: Notice (8): Undefined variable: isUserAuthorized in [/Users/sandeepankundu/Sites/cakephp13/myapp/controllers/app_controller.php, line 32]
2013-11-24 11:18:20 Notice: Notice (8): Undefined variable: isUserAuthorized in [/Users/sandeepankundu/Sites/cakephp13/myapp/controllers/app_controller.php, line 32]
2013-11-24 11:18:20 Notice: Notice (8): Undefined variable: isUserAuthorized in [/Users/sandeepankundu/Sites/cakephp13/myapp/controllers/app_controller.php, line 32]
2013-11-24 11:18:20 Notice: Notice (8): Undefined variable: isUserAuthorized in [/Users/sandeepankundu/Sites/cakephp13/myapp/controllers/app_controller.php, line 32]
2013-11-24 11:18:20 Notice: Notice (8): Undefined variable: isUserAuthorized in [/Users/sandeepankundu/Sites/cakephp13/myapp/controllers/app_controller.php, line 32]
2013-11-24 11:19:09 Notice: Notice (8): Undefined variable: isUserAuthorized in [/Users/sandeepankundu/Sites/cakephp13/myapp/controllers/app_controller.php, line 32]
2013-11-24 11:19:09 Notice: Notice (8): Undefined variable: isUserAuthorized in [/Users/sandeepankundu/Sites/cakephp13/myapp/controllers/app_controller.php, line 32]
2013-11-24 11:19:09 Notice: Notice (8): Undefined variable: isUserAuthorized in [/Users/sandeepankundu/Sites/cakephp13/myapp/controllers/app_controller.php, line 32]
2013-11-24 11:19:09 Notice: Notice (8): Undefined variable: isUserAuthorized in [/Users/sandeepankundu/Sites/cakephp13/myapp/controllers/app_controller.php, line 32]
2013-11-24 11:19:09 Notice: Notice (8): Undefined variable: isUserAuthorized in [/Users/sandeepankundu/Sites/cakephp13/myapp/controllers/app_controller.php, line 32]
2013-11-24 11:19:09 Notice: Notice (8): Undefined variable: isUserAuthorized in [/Users/sandeepankundu/Sites/cakephp13/myapp/controllers/app_controller.php, line 32]
2013-11-24 11:19:09 Notice: Notice (8): Undefined variable: isUserAuthorized in [/Users/sandeepankundu/Sites/cakephp13/myapp/controllers/app_controller.php, line 32]
2013-11-24 11:19:10 Notice: Notice (8): Undefined variable: isUserAuthorized in [/Users/sandeepankundu/Sites/cakephp13/myapp/controllers/app_controller.php, line 32]
2013-11-24 11:19:10 Notice: Notice (8): Undefined variable: isUserAuthorized in [/Users/sandeepankundu/Sites/cakephp13/myapp/controllers/app_controller.php, line 32]
2013-11-24 11:19:10 Notice: Notice (8): Undefined variable: isUserAuthorized in [/Users/sandeepankundu/Sites/cakephp13/myapp/controllers/app_controller.php, line 32]
2013-11-24 11:19:10 Notice: Notice (8): Undefined variable: isUserAuthorized in [/Users/sandeepankundu/Sites/cakephp13/myapp/controllers/app_controller.php, line 32]
2013-11-24 11:19:10 Notice: Notice (8): Undefined variable: isUserAuthorized in [/Users/sandeepankundu/Sites/cakephp13/myapp/controllers/app_controller.php, line 32]
2013-11-24 11:19:10 Notice: Notice (8): Undefined variable: isUserAuthorized in [/Users/sandeepankundu/Sites/cakephp13/myapp/controllers/app_controller.php, line 32]
2013-11-24 11:19:10 Notice: Notice (8): Undefined variable: isUserAuthorized in [/Users/sandeepankundu/Sites/cakephp13/myapp/controllers/app_controller.php, line 32]
2013-11-24 11:19:10 Notice: Notice (8): Undefined variable: isUserAuthorized in [/Users/sandeepankundu/Sites/cakephp13/myapp/controllers/app_controller.php, line 32]
2013-11-24 11:19:10 Notice: Notice (8): Undefined variable: isUserAuthorized in [/Users/sandeepankundu/Sites/cakephp13/myapp/controllers/app_controller.php, line 32]
2013-11-24 11:19:10 Notice: Notice (8): Undefined variable: isUserAuthorized in [/Users/sandeepankundu/Sites/cakephp13/myapp/controllers/app_controller.php, line 32]
2013-11-24 11:19:10 Notice: Notice (8): Undefined variable: isUserAuthorized in [/Users/sandeepankundu/Sites/cakephp13/myapp/controllers/app_controller.php, line 32]
2013-11-24 11:19:10 Notice: Notice (8): Undefined variable: isUserAuthorized in [/Users/sandeepankundu/Sites/cakephp13/myapp/controllers/app_controller.php, line 32]
2013-11-24 11:19:10 Notice: Notice (8): Undefined variable: isUserAuthorized in [/Users/sandeepankundu/Sites/cakephp13/myapp/controllers/app_controller.php, line 32]
2013-11-24 11:19:10 Notice: Notice (8): Undefined variable: isUserAuthorized in [/Users/sandeepankundu/Sites/cakephp13/myapp/controllers/app_controller.php, line 32]
2013-11-24 11:19:18 Notice: Notice (8): Undefined variable: isUserAuthorized in [/Users/sandeepankundu/Sites/cakephp13/myapp/controllers/app_controller.php, line 32]
2013-11-24 11:19:18 Notice: Notice (8): Undefined variable: isUserAuthorized in [/Users/sandeepankundu/Sites/cakephp13/myapp/controllers/app_controller.php, line 32]
2013-11-24 11:19:18 Notice: Notice (8): Undefined variable: isUserAuthorized in [/Users/sandeepankundu/Sites/cakephp13/myapp/controllers/app_controller.php, line 32]
2013-11-24 11:19:18 Notice: Notice (8): Undefined variable: isUserAuthorized in [/Users/sandeepankundu/Sites/cakephp13/myapp/controllers/app_controller.php, line 32]
2013-11-24 11:19:18 Notice: Notice (8): Undefined variable: isUserAuthorized in [/Users/sandeepankundu/Sites/cakephp13/myapp/controllers/app_controller.php, line 32]
2013-11-24 11:19:18 Notice: Notice (8): Undefined variable: isUserAuthorized in [/Users/sandeepankundu/Sites/cakephp13/myapp/controllers/app_controller.php, line 32]
2013-11-24 11:19:18 Notice: Notice (8): Undefined variable: isUserAuthorized in [/Users/sandeepankundu/Sites/cakephp13/myapp/controllers/app_controller.php, line 32]
2013-11-24 11:19:18 Notice: Notice (8): Undefined variable: isUserAuthorized in [/Users/sandeepankundu/Sites/cakephp13/myapp/controllers/app_controller.php, line 32]
2013-11-24 11:19:18 Notice: Notice (8): Undefined variable: isUserAuthorized in [/Users/sandeepankundu/Sites/cakephp13/myapp/controllers/app_controller.php, line 32]
2013-11-24 11:19:18 Notice: Notice (8): Undefined variable: isUserAuthorized in [/Users/sandeepankundu/Sites/cakephp13/myapp/controllers/app_controller.php, line 32]
2013-11-24 11:19:18 Notice: Notice (8): Undefined variable: isUserAuthorized in [/Users/sandeepankundu/Sites/cakephp13/myapp/controllers/app_controller.php, line 32]
2013-11-24 11:19:18 Notice: Notice (8): Undefined variable: isUserAuthorized in [/Users/sandeepankundu/Sites/cakephp13/myapp/controllers/app_controller.php, line 32]
2013-11-24 11:19:18 Notice: Notice (8): Undefined variable: isUserAuthorized in [/Users/sandeepankundu/Sites/cakephp13/myapp/controllers/app_controller.php, line 32]
2013-11-24 11:19:18 Notice: Notice (8): Undefined variable: isUserAuthorized in [/Users/sandeepankundu/Sites/cakephp13/myapp/controllers/app_controller.php, line 32]
2013-11-24 11:19:19 Notice: Notice (8): Undefined variable: isUserAuthorized in [/Users/sandeepankundu/Sites/cakephp13/myapp/controllers/app_controller.php, line 32]
2013-11-24 11:19:19 Notice: Notice (8): Undefined variable: isUserAuthorized in [/Users/sandeepankundu/Sites/cakephp13/myapp/controllers/app_controller.php, line 32]
2013-11-24 11:19:19 Notice: Notice (8): Undefined variable: isUserAuthorized in [/Users/sandeepankundu/Sites/cakephp13/myapp/controllers/app_controller.php, line 32]
2013-11-24 11:19:19 Notice: Notice (8): Undefined variable: isUserAuthorized in [/Users/sandeepankundu/Sites/cakephp13/myapp/controllers/app_controller.php, line 32]
2013-11-24 11:19:19 Notice: Notice (8): Undefined variable: isUserAuthorized in [/Users/sandeepankundu/Sites/cakephp13/myapp/controllers/app_controller.php, line 32]
2013-11-24 11:19:19 Notice: Notice (8): Undefined variable: isUserAuthorized in [/Users/sandeepankundu/Sites/cakephp13/myapp/controllers/app_controller.php, line 32]
2013-11-24 11:19:19 Notice: Notice (8): Undefined variable: isUserAuthorized in [/Users/sandeepankundu/Sites/cakephp13/myapp/controllers/app_controller.php, line 32]
2013-11-24 12:05:25 Notice: Notice (8): Undefined index: password in [/Users/sandeepankundu/Sites/cakephp13/myapp/views/layouts/default.ctp, line 44]
2013-11-24 14:17:28 Notice: Notice (8): Undefined variable: id in [/Users/sandeepankundu/Sites/cakephp13/myapp/controllers/posts_controller.php, line 42]
2013-11-25 02:07:00 Notice: Notice (8): Undefined variable: post in [/Users/sandeepankundu/Sites/cakephp13/myapp/views/posts/json/index.ctp, line 2]
2013-11-25 02:07:07 Notice: Notice (8): Undefined variable: post in [/Users/sandeepankundu/Sites/cakephp13/myapp/views/posts/json/index.ctp, line 2]
2013-11-25 03:24:52 Notice: Notice (8): Undefined variable: content in [/Users/sandeepankundu/Sites/cakephp13/myapp/controllers/posts_controller.php, line 60]
2013-11-25 03:24:52 Notice: Notice (8): Undefined variable: content in [/Users/sandeepankundu/Sites/cakephp13/myapp/controllers/posts_controller.php, line 64]
2013-11-25 04:16:44 Notice: Notice (8): Undefined property: UsersController::$Auth in [/Users/sandeepankundu/Sites/cakephp13/myapp/controllers/users_controller.php, line 6]
2013-11-25 04:17:22 Notice: Notice (8): Undefined variable: _serialize in [/Users/sandeepankundu/Sites/cakephp13/myapp/views/posts/showme.ctp, line 4]
2013-11-25 04:17:51 Notice: Notice (8): Undefined variable: content in [/Users/sandeepankundu/Sites/cakephp13/myapp/views/posts/showme.ctp, line 5]
2013-11-25 04:26:37 Notice: Notice (8): Undefined variable: posts in [/Users/sandeepankundu/Sites/cakephp13/myapp/views/posts/json/index.ctp, line 2]
2013-11-25 04:26:37 Notice: Notice (8): Undefined variable: posts in [/Users/sandeepankundu/Sites/cakephp13/myapp/views/posts/json/index.ctp, line 9]
2013-11-25 05:31:05 Notice: Notice (8): Undefined variable: id in [/Users/sandeepankundu/Sites/cakephp13/myapp/controllers/posts_controller.php, line 69]
2013-11-25 05:39:13 Notice: Notice (8): Undefined variable: id in [/Users/sandeepankundu/Sites/cakephp13/myapp/controllers/posts_controller.php, line 69]
2013-11-25 07:46:43 Notice: Notice (8): Undefined property: UsersController::$user in [/Users/sandeepankundu/Sites/cakephp13/myapp/controllers/users_controller.php, line 13]
2013-11-25 07:53:50 Notice: Notice (8): Undefined property: UsersController::$user in [/Users/sandeepankundu/Sites/cakephp13/myapp/controllers/users_controller.php, line 13]
2013-11-25 07:53:59 Notice: Notice (8): Undefined property: UsersController::$user in [/Users/sandeepankundu/Sites/cakephp13/myapp/controllers/users_controller.php, line 13]
2013-11-25 07:54:47 Notice: Notice (8): Undefined property: UsersController::$user in [/Users/sandeepankundu/Sites/cakephp13/myapp/controllers/users_controller.php, line 13]
2013-11-25 07:57:51 Notice: Notice (8): Undefined property: UsersController::$user in [/Users/sandeepankundu/Sites/cakephp13/myapp/controllers/users_controller.php, line 13]
2013-11-25 07:59:17 Notice: Notice (8): Undefined variable: token_uses in [/Users/sandeepankundu/Sites/cakephp13/myapp/models/user.php, line 37]
2013-11-25 07:59:17 Notice: Notice (8): Undefined variable: token_uses in [/Users/sandeepankundu/Sites/cakephp13/myapp/models/user.php, line 37]
2013-11-25 07:59:17 Notice: Notice (8): Undefined variable: token_uses in [/Users/sandeepankundu/Sites/cakephp13/myapp/models/user.php, line 37]
2013-11-25 07:59:17 Notice: Notice (8): Undefined variable: token_uses in [/Users/sandeepankundu/Sites/cakephp13/myapp/models/user.php, line 37]
2013-11-25 07:59:17 Notice: Notice (8): Undefined variable: id in [/Users/sandeepankundu/Sites/cakephp13/myapp/controllers/posts_controller.php, line 95]
2013-11-25 07:59:17 Notice: Notice (8): Undefined variable: token_uses in [/Users/sandeepankundu/Sites/cakephp13/myapp/models/user.php, line 37]
2013-11-25 07:59:17 Notice: Notice (8): Undefined variable: id in [/Users/sandeepankundu/Sites/cakephp13/myapp/controllers/posts_controller.php, line 153]
2013-11-25 07:59:17 Notice: Notice (8): Undefined variable: token_uses in [/Users/sandeepankundu/Sites/cakephp13/myapp/models/user.php, line 37]
2013-11-25 07:59:35 Notice: Notice (8): Undefined variable: token_uses in [/Users/sandeepankundu/Sites/cakephp13/myapp/models/user.php, line 37]
2013-11-25 07:59:35 Notice: Notice (8): Undefined variable: token_uses in [/Users/sandeepankundu/Sites/cakephp13/myapp/models/user.php, line 37]
2013-11-25 07:59:35 Notice: Notice (8): Undefined variable: token_uses in [/Users/sandeepankundu/Sites/cakephp13/myapp/models/user.php, line 37]
2013-11-25 07:59:35 Notice: Notice (8): Undefined variable: token_uses in [/Users/sandeepankundu/Sites/cakephp13/myapp/models/user.php, line 37]
2013-11-25 07:59:35 Notice: Notice (8): Undefined variable: token_uses in [/Users/sandeepankundu/Sites/cakephp13/myapp/models/user.php, line 37]
2013-11-25 07:59:35 Notice: Notice (8): Undefined variable: id in [/Users/sandeepankundu/Sites/cakephp13/myapp/controllers/posts_controller.php, line 95]
2013-11-25 07:59:35 Notice: Notice (8): Undefined variable: token_uses in [/Users/sandeepankundu/Sites/cakephp13/myapp/models/user.php, line 37]
2013-11-25 07:59:35 Notice: Notice (8): Undefined variable: id in [/Users/sandeepankundu/Sites/cakephp13/myapp/controllers/posts_controller.php, line 153]
2013-11-25 07:59:35 Notice: Notice (8): Undefined variable: token_uses in [/Users/sandeepankundu/Sites/cakephp13/myapp/models/user.php, line 37]
2013-11-25 08:00:42 Notice: Notice (8): Undefined variable: token_uses in [/Users/sandeepankundu/Sites/cakephp13/myapp/models/user.php, line 37]
2013-11-25 08:00:43 Notice: Notice (8): Undefined variable: token_uses in [/Users/sandeepankundu/Sites/cakephp13/myapp/models/user.php, line 37]
2013-11-25 08:00:43 Notice: Notice (8): Undefined variable: token_uses in [/Users/sandeepankundu/Sites/cakephp13/myapp/models/user.php, line 37]
2013-11-25 08:00:43 Notice: Notice (8): Undefined variable: token_uses in [/Users/sandeepankundu/Sites/cakephp13/myapp/models/user.php, line 37]
2013-11-25 08:00:43 Notice: Notice (8): Undefined variable: token_uses in [/Users/sandeepankundu/Sites/cakephp13/myapp/models/user.php, line 37]
2013-11-25 08:00:43 Notice: Notice (8): Undefined variable: id in [/Users/sandeepankundu/Sites/cakephp13/myapp/controllers/posts_controller.php, line 95]
2013-11-25 08:00:43 Notice: Notice (8): Undefined variable: token_uses in [/Users/sandeepankundu/Sites/cakephp13/myapp/models/user.php, line 37]
2013-11-25 08:00:43 Notice: Notice (8): Undefined variable: id in [/Users/sandeepankundu/Sites/cakephp13/myapp/controllers/posts_controller.php, line 153]
2013-11-25 08:00:43 Notice: Notice (8): Undefined variable: token_uses in [/Users/sandeepankundu/Sites/cakephp13/myapp/models/user.php, line 37]
2013-11-25 08:01:01 Notice: Notice (8): Undefined variable: token_uses in [/Users/sandeepankundu/Sites/cakephp13/myapp/models/user.php, line 37]
2013-11-25 08:01:01 Notice: Notice (8): Undefined variable: token_uses in [/Users/sandeepankundu/Sites/cakephp13/myapp/models/user.php, line 37]
2013-11-25 08:01:01 Notice: Notice (8): Undefined variable: token_uses in [/Users/sandeepankundu/Sites/cakephp13/myapp/models/user.php, line 37]
2013-11-25 08:01:01 Notice: Notice (8): Undefined variable: token_uses in [/Users/sandeepankundu/Sites/cakephp13/myapp/models/user.php, line 37]
2013-11-25 08:01:01 Notice: Notice (8): Undefined variable: token_uses in [/Users/sandeepankundu/Sites/cakephp13/myapp/models/user.php, line 37]
2013-11-25 08:01:01 Notice: Notice (8): Undefined variable: id in [/Users/sandeepankundu/Sites/cakephp13/myapp/controllers/posts_controller.php, line 95]
2013-11-25 08:01:01 Notice: Notice (8): Undefined variable: token_uses in [/Users/sandeepankundu/Sites/cakephp13/myapp/models/user.php, line 37]
2013-11-25 08:01:01 Notice: Notice (8): Undefined variable: id in [/Users/sandeepankundu/Sites/cakephp13/myapp/controllers/posts_controller.php, line 153]
2013-11-25 08:01:01 Notice: Notice (8): Undefined variable: token_uses in [/Users/sandeepankundu/Sites/cakephp13/myapp/models/user.php, line 37]
2013-11-25 08:02:53 Notice: Notice (8): Undefined variable: token_uses in [/Users/sandeepankundu/Sites/cakephp13/myapp/models/user.php, line 37]
2013-11-25 08:02:53 Notice: Notice (8): Undefined variable: token_uses in [/Users/sandeepankundu/Sites/cakephp13/myapp/models/user.php, line 37]
2013-11-25 08:02:53 Notice: Notice (8): Undefined variable: token_uses in [/Users/sandeepankundu/Sites/cakephp13/myapp/models/user.php, line 37]
2013-11-25 08:02:53 Notice: Notice (8): Undefined variable: token_uses in [/Users/sandeepankundu/Sites/cakephp13/myapp/models/user.php, line 37]
2013-11-25 08:02:53 Notice: Notice (8): Undefined variable: id in [/Users/sandeepankundu/Sites/cakephp13/myapp/controllers/posts_controller.php, line 95]
2013-11-25 08:02:53 Notice: Notice (8): Undefined variable: token_uses in [/Users/sandeepankundu/Sites/cakephp13/myapp/models/user.php, line 37]
2013-11-25 08:02:53 Notice: Notice (8): Undefined variable: id in [/Users/sandeepankundu/Sites/cakephp13/myapp/controllers/posts_controller.php, line 153]
2013-11-25 08:02:53 Notice: Notice (8): Undefined variable: token_uses in [/Users/sandeepankundu/Sites/cakephp13/myapp/models/user.php, line 37]
2013-11-25 08:06:47 Notice: Notice (8): Undefined variable: token_uses in [/Users/sandeepankundu/Sites/cakephp13/myapp/models/user.php, line 37]
2013-11-25 08:06:48 Notice: Notice (8): Undefined variable: token_uses in [/Users/sandeepankundu/Sites/cakephp13/myapp/models/user.php, line 37]
2013-11-25 08:06:48 Notice: Notice (8): Undefined variable: token_uses in [/Users/sandeepankundu/Sites/cakephp13/myapp/models/user.php, line 37]
2013-11-25 08:06:48 Notice: Notice (8): Undefined variable: token_uses in [/Users/sandeepankundu/Sites/cakephp13/myapp/models/user.php, line 37]
2013-11-25 08:06:48 Notice: Notice (8): Undefined variable: id in [/Users/sandeepankundu/Sites/cakephp13/myapp/controllers/posts_controller.php, line 95]
2013-11-25 08:06:48 Notice: Notice (8): Undefined variable: token_uses in [/Users/sandeepankundu/Sites/cakephp13/myapp/models/user.php, line 37]
2013-11-25 08:06:48 Notice: Notice (8): Undefined variable: id in [/Users/sandeepankundu/Sites/cakephp13/myapp/controllers/posts_controller.php, line 153]
2013-11-25 08:06:48 Notice: Notice (8): Undefined variable: token_uses in [/Users/sandeepankundu/Sites/cakephp13/myapp/models/user.php, line 37]
2013-11-25 08:07:14 Notice: Notice (8): Undefined variable: token_uses in [/Users/sandeepankundu/Sites/cakephp13/myapp/models/user.php, line 37]
2013-11-25 08:07:14 Notice: Notice (8): Undefined variable: token_uses in [/Users/sandeepankundu/Sites/cakephp13/myapp/models/user.php, line 37]
2013-11-25 08:07:14 Notice: Notice (8): Undefined variable: token_uses in [/Users/sandeepankundu/Sites/cakephp13/myapp/models/user.php, line 37]
2013-11-25 08:07:15 Notice: Notice (8): Undefined variable: token_uses in [/Users/sandeepankundu/Sites/cakephp13/myapp/models/user.php, line 37]
2013-11-25 08:07:15 Notice: Notice (8): Undefined variable: token_uses in [/Users/sandeepankundu/Sites/cakephp13/myapp/models/user.php, line 37]
2013-11-25 08:07:15 Notice: Notice (8): Undefined variable: id in [/Users/sandeepankundu/Sites/cakephp13/myapp/controllers/posts_controller.php, line 95]
2013-11-25 08:07:15 Notice: Notice (8): Undefined variable: token_uses in [/Users/sandeepankundu/Sites/cakephp13/myapp/models/user.php, line 37]
2013-11-25 08:07:15 Notice: Notice (8): Undefined variable: id in [/Users/sandeepankundu/Sites/cakephp13/myapp/controllers/posts_controller.php, line 153]
2013-11-25 08:07:15 Notice: Notice (8): Undefined variable: token_uses in [/Users/sandeepankundu/Sites/cakephp13/myapp/models/user.php, line 37]
2013-11-25 08:07:36 Notice: Notice (8): Undefined variable: token_uses in [/Users/sandeepankundu/Sites/cakephp13/myapp/models/user.php, line 37]
2013-11-25 08:07:36 Notice: Notice (8): Undefined variable: token_uses in [/Users/sandeepankundu/Sites/cakephp13/myapp/models/user.php, line 37]
2013-11-25 08:07:36 Notice: Notice (8): Undefined variable: token_uses in [/Users/sandeepankundu/Sites/cakephp13/myapp/models/user.php, line 37]
2013-11-25 08:07:36 Notice: Notice (8): Undefined variable: token_uses in [/Users/sandeepankundu/Sites/cakephp13/myapp/models/user.php, line 37]
2013-11-25 08:07:36 Notice: Notice (8): Undefined variable: token_uses in [/Users/sandeepankundu/Sites/cakephp13/myapp/models/user.php, line 37]
2013-11-25 08:07:36 Notice: Notice (8): Undefined variable: id in [/Users/sandeepankundu/Sites/cakephp13/myapp/controllers/posts_controller.php, line 95]
2013-11-25 08:07:36 Notice: Notice (8): Undefined variable: token_uses in [/Users/sandeepankundu/Sites/cakephp13/myapp/models/user.php, line 37]
2013-11-25 08:07:36 Notice: Notice (8): Undefined variable: id in [/Users/sandeepankundu/Sites/cakephp13/myapp/controllers/posts_controller.php, line 153]
2013-11-25 08:07:36 Notice: Notice (8): Undefined variable: token_uses in [/Users/sandeepankundu/Sites/cakephp13/myapp/models/user.php, line 37]
2013-11-25 08:10:05 Notice: Notice (8): Undefined variable: token_uses in [/Users/sandeepankundu/Sites/cakephp13/myapp/models/user.php, line 37]
2013-11-25 08:10:06 Notice: Notice (8): Undefined variable: token_uses in [/Users/sandeepankundu/Sites/cakephp13/myapp/models/user.php, line 37]
2013-11-25 08:10:06 Notice: Notice (8): Undefined variable: token_uses in [/Users/sandeepankundu/Sites/cakephp13/myapp/models/user.php, line 37]
2013-11-25 08:10:06 Notice: Notice (8): Undefined variable: token_uses in [/Users/sandeepankundu/Sites/cakephp13/myapp/models/user.php, line 37]
2013-11-25 08:10:06 Notice: Notice (8): Undefined variable: id in [/Users/sandeepankundu/Sites/cakephp13/myapp/controllers/posts_controller.php, line 95]
2013-11-25 08:10:06 Notice: Notice (8): Undefined variable: token_uses in [/Users/sandeepankundu/Sites/cakephp13/myapp/models/user.php, line 37]
2013-11-25 08:10:06 Notice: Notice (8): Undefined variable: id in [/Users/sandeepankundu/Sites/cakephp13/myapp/controllers/posts_controller.php, line 153]
2013-11-25 08:10:06 Notice: Notice (8): Undefined variable: token_uses in [/Users/sandeepankundu/Sites/cakephp13/myapp/models/user.php, line 37]
2013-11-25 08:11:39 Notice: Notice (8): Undefined variable: token_uses in [/Users/sandeepankundu/Sites/cakephp13/myapp/models/user.php, line 37]
2013-11-25 08:11:39 Notice: Notice (8): Undefined variable: token_uses in [/Users/sandeepankundu/Sites/cakephp13/myapp/models/user.php, line 37]
2013-11-25 08:11:39 Notice: Notice (8): Undefined variable: token_uses in [/Users/sandeepankundu/Sites/cakephp13/myapp/models/user.php, line 37]
2013-11-25 08:11:39 Notice: Notice (8): Undefined variable: token_uses in [/Users/sandeepankundu/Sites/cakephp13/myapp/models/user.php, line 37]
2013-11-25 08:11:40 Notice: Notice (8): Undefined variable: token_uses in [/Users/sandeepankundu/Sites/cakephp13/myapp/models/user.php, line 37]
2013-11-25 08:11:40 Notice: Notice (8): Undefined variable: id in [/Users/sandeepankundu/Sites/cakephp13/myapp/controllers/posts_controller.php, line 95]
2013-11-25 08:11:40 Notice: Notice (8): Undefined variable: token_uses in [/Users/sandeepankundu/Sites/cakephp13/myapp/models/user.php, line 37]
2013-11-25 08:11:40 Notice: Notice (8): Undefined variable: id in [/Users/sandeepankundu/Sites/cakephp13/myapp/controllers/posts_controller.php, line 153]
2013-11-25 08:11:40 Notice: Notice (8): Undefined variable: token_uses in [/Users/sandeepankundu/Sites/cakephp13/myapp/models/user.php, line 37]
2013-11-25 08:12:44 Notice: Notice (8): Undefined variable: token_uses in [/Users/sandeepankundu/Sites/cakephp13/myapp/models/user.php, line 37]
2013-11-25 08:12:44 Notice: Notice (8): Undefined variable: token_uses in [/Users/sandeepankundu/Sites/cakephp13/myapp/models/user.php, line 37]
2013-11-25 08:12:44 Notice: Notice (8): Undefined variable: token_uses in [/Users/sandeepankundu/Sites/cakephp13/myapp/models/user.php, line 37]
2013-11-25 08:12:44 Notice: Notice (8): Undefined variable: token_uses in [/Users/sandeepankundu/Sites/cakephp13/myapp/models/user.php, line 37]
2013-11-25 08:12:44 Notice: Notice (8): Undefined variable: id in [/Users/sandeepankundu/Sites/cakephp13/myapp/controllers/posts_controller.php, line 95]
2013-11-25 08:12:44 Notice: Notice (8): Undefined variable: token_uses in [/Users/sandeepankundu/Sites/cakephp13/myapp/models/user.php, line 37]
2013-11-25 08:12:44 Notice: Notice (8): Undefined variable: id in [/Users/sandeepankundu/Sites/cakephp13/myapp/controllers/posts_controller.php, line 153]
2013-11-25 08:12:44 Notice: Notice (8): Undefined variable: token_uses in [/Users/sandeepankundu/Sites/cakephp13/myapp/models/user.php, line 37]
2013-11-25 08:13:46 Notice: Notice (8): Undefined variable: token_uses in [/Users/sandeepankundu/Sites/cakephp13/myapp/models/user.php, line 37]
2013-11-25 08:13:47 Notice: Notice (8): Undefined variable: token_uses in [/Users/sandeepankundu/Sites/cakephp13/myapp/models/user.php, line 37]
2013-11-25 08:17:57 Notice: Notice (8): Undefined variable: token_uses in [/Users/sandeepankundu/Sites/cakephp13/myapp/models/user.php, line 37]
2013-11-25 08:27:59 Notice: Notice (8): Undefined variable: token_uses in [/Users/sandeepankundu/Sites/cakephp13/myapp/models/user.php, line 37]
2013-11-25 08:31:31 Notice: Notice (8): Undefined variable: token_uses in [/Users/sandeepankundu/Sites/cakephp13/myapp/models/user.php, line 37]
2013-11-25 08:32:38 Notice: Notice (8): Undefined variable: token_uses in [/Users/sandeepankundu/Sites/cakephp13/myapp/models/user.php, line 37]
2013-11-25 08:32:57 Notice: Notice (8): Undefined variable: token_uses in [/Users/sandeepankundu/Sites/cakephp13/myapp/models/user.php, line 37]
2013-11-25 08:33:29 Notice: Notice (8): Undefined variable: token_uses in [/Users/sandeepankundu/Sites/cakephp13/myapp/models/user.php, line 37]
2013-11-25 08:33:51 Notice: Notice (8): Undefined variable: token_uses in [/Users/sandeepankundu/Sites/cakephp13/myapp/models/user.php, line 37]
2013-11-25 08:34:11 Notice: Notice (8): Undefined variable: token_uses in [/Users/sandeepankundu/Sites/cakephp13/myapp/models/user.php, line 37]
2013-11-25 08:34:11 Notice: Notice (8): Undefined variable: token_uses in [/Users/sandeepankundu/Sites/cakephp13/myapp/models/user.php, line 37]
2013-11-25 08:35:51 Notice: Notice (8): Undefined variable: token_uses in [/Users/sandeepankundu/Sites/cakephp13/myapp/models/user.php, line 37]
2013-11-25 08:35:51 Notice: Notice (8): Undefined variable: token_uses in [/Users/sandeepankundu/Sites/cakephp13/myapp/models/user.php, line 37]
2013-11-25 08:35:52 Notice: Notice (8): Undefined variable: token_uses in [/Users/sandeepankundu/Sites/cakephp13/myapp/models/user.php, line 37]
2013-11-25 08:35:52 Notice: Notice (8): Undefined variable: token_uses in [/Users/sandeepankundu/Sites/cakephp13/myapp/models/user.php, line 37]
2013-11-25 08:35:52 Notice: Notice (8): Undefined variable: token_uses in [/Users/sandeepankundu/Sites/cakephp13/myapp/models/user.php, line 37]
2013-11-25 08:35:52 Notice: Notice (8): Undefined variable: token_uses in [/Users/sandeepankundu/Sites/cakephp13/myapp/models/user.php, line 37]
2013-11-25 08:40:16 Notice: Notice (8): Undefined variable: token_uses in [/Users/sandeepankundu/Sites/cakephp13/myapp/models/user.php, line 37]
2013-11-25 08:40:57 Notice: Notice (8): Undefined variable: token_uses in [/Users/sandeepankundu/Sites/cakephp13/myapp/models/user.php, line 37]
2013-11-25 08:40:57 Notice: Notice (8): Undefined variable: token_uses in [/Users/sandeepankundu/Sites/cakephp13/myapp/models/user.php, line 37]
2013-11-25 08:40:57 Notice: Notice (8): Undefined variable: token_uses in [/Users/sandeepankundu/Sites/cakephp13/myapp/models/user.php, line 37]
2013-11-25 08:41:25 Notice: Notice (8): Undefined variable: token_uses in [/Users/sandeepankundu/Sites/cakephp13/myapp/models/user.php, line 37]
2013-11-25 08:41:25 Notice: Notice (8): Undefined variable: token_uses in [/Users/sandeepankundu/Sites/cakephp13/myapp/models/user.php, line 37]
2013-11-25 08:41:25 Notice: Notice (8): Undefined variable: token_uses in [/Users/sandeepankundu/Sites/cakephp13/myapp/models/user.php, line 37]
2013-11-25 08:41:25 Notice: Notice (8): Undefined variable: token_uses in [/Users/sandeepankundu/Sites/cakephp13/myapp/models/user.php, line 37]
2013-11-25 08:41:25 Notice: Notice (8): Undefined variable: token_uses in [/Users/sandeepankundu/Sites/cakephp13/myapp/models/user.php, line 37]
2013-11-25 08:41:25 Notice: Notice (8): Undefined variable: token_uses in [/Users/sandeepankundu/Sites/cakephp13/myapp/models/user.php, line 37]
2013-11-25 08:41:25 Notice: Notice (8): Undefined variable: token_uses in [/Users/sandeepankundu/Sites/cakephp13/myapp/models/user.php, line 37]
2013-11-25 08:41:33 Notice: Notice (8): Undefined variable: token_uses in [/Users/sandeepankundu/Sites/cakephp13/myapp/models/user.php, line 37]
2013-11-25 08:41:33 Notice: Notice (8): Undefined variable: token_uses in [/Users/sandeepankundu/Sites/cakephp13/myapp/models/user.php, line 37]
2013-11-25 08:41:33 Notice: Notice (8): Undefined variable: token_uses in [/Users/sandeepankundu/Sites/cakephp13/myapp/models/user.php, line 37]
2013-11-25 08:41:33 Notice: Notice (8): Undefined variable: token_uses in [/Users/sandeepankundu/Sites/cakephp13/myapp/models/user.php, line 37]
2013-11-25 08:41:33 Notice: Notice (8): Undefined variable: token_uses in [/Users/sandeepankundu/Sites/cakephp13/myapp/models/user.php, line 37]
2013-11-25 08:41:33 Notice: Notice (8): Undefined variable: token_uses in [/Users/sandeepankundu/Sites/cakephp13/myapp/models/user.php, line 37]
2013-11-25 08:41:33 Notice: Notice (8): Undefined variable: token_uses in [/Users/sandeepankundu/Sites/cakephp13/myapp/models/user.php, line 37]
2013-11-25 08:41:44 Notice: Notice (8): Undefined variable: token_uses in [/Users/sandeepankundu/Sites/cakephp13/myapp/models/user.php, line 37]
2013-11-25 08:41:45 Notice: Notice (8): Undefined variable: token_uses in [/Users/sandeepankundu/Sites/cakephp13/myapp/models/user.php, line 37]
2013-11-25 08:41:45 Notice: Notice (8): Undefined variable: token_uses in [/Users/sandeepankundu/Sites/cakephp13/myapp/models/user.php, line 37]
2013-11-25 08:41:45 Notice: Notice (8): Undefined variable: token_uses in [/Users/sandeepankundu/Sites/cakephp13/myapp/models/user.php, line 37]
2013-11-25 08:41:45 Notice: Notice (8): Undefined variable: token_uses in [/Users/sandeepankundu/Sites/cakephp13/myapp/models/user.php, line 37]
2013-11-25 08:41:45 Notice: Notice (8): Undefined variable: token_uses in [/Users/sandeepankundu/Sites/cakephp13/myapp/models/user.php, line 37]
2013-11-25 08:57:58 Notice: Notice (8): Undefined variable: token_uses in [/Users/sandeepankundu/Sites/cakephp13/myapp/models/user.php, line 37]
2013-11-25 08:57:58 Notice: Notice (8): Undefined variable: token_uses in [/Users/sandeepankundu/Sites/cakephp13/myapp/models/user.php, line 37]
2013-11-25 08:57:58 Notice: Notice (8): Undefined variable: token_uses in [/Users/sandeepankundu/Sites/cakephp13/myapp/models/user.php, line 37]
2013-11-25 08:57:58 Notice: Notice (8): Undefined variable: token_uses in [/Users/sandeepankundu/Sites/cakephp13/myapp/models/user.php, line 37]
2013-11-25 08:57:58 Notice: Notice (8): Undefined variable: token_uses in [/Users/sandeepankundu/Sites/cakephp13/myapp/models/user.php, line 37]
2013-11-25 08:57:58 Notice: Notice (8): Undefined variable: token_uses in [/Users/sandeepankundu/Sites/cakephp13/myapp/models/user.php, line 37]
2013-11-25 08:58:03 Notice: Notice (8): Undefined variable: token_uses in [/Users/sandeepankundu/Sites/cakephp13/myapp/models/user.php, line 37]
2013-11-25 08:58:03 Notice: Notice (8): Undefined variable: token_uses in [/Users/sandeepankundu/Sites/cakephp13/myapp/models/user.php, line 37]
2013-11-25 08:58:03 Notice: Notice (8): Undefined variable: token_uses in [/Users/sandeepankundu/Sites/cakephp13/myapp/models/user.php, line 37]
2013-11-25 08:58:03 Notice: Notice (8): Undefined variable: token_uses in [/Users/sandeepankundu/Sites/cakephp13/myapp/models/user.php, line 37]
2013-11-25 08:58:03 Notice: Notice (8): Undefined variable: token_uses in [/Users/sandeepankundu/Sites/cakephp13/myapp/models/user.php, line 37]
2013-11-25 08:58:03 Notice: Notice (8): Undefined variable: token_uses in [/Users/sandeepankundu/Sites/cakephp13/myapp/models/user.php, line 37]
2013-11-25 08:58:03 Notice: Notice (8): Undefined variable: token_uses in [/Users/sandeepankundu/Sites/cakephp13/myapp/models/user.php, line 37]
2013-11-25 08:58:05 Notice: Notice (8): Undefined variable: token_uses in [/Users/sandeepankundu/Sites/cakephp13/myapp/models/user.php, line 37]
2013-11-25 08:58:05 Notice: Notice (8): Undefined variable: token_uses in [/Users/sandeepankundu/Sites/cakephp13/myapp/models/user.php, line 37]
2013-11-25 08:58:05 Notice: Notice (8): Undefined variable: token_uses in [/Users/sandeepankundu/Sites/cakephp13/myapp/models/user.php, line 37]
2013-11-25 08:58:05 Notice: Notice (8): Undefined variable: token_uses in [/Users/sandeepankundu/Sites/cakephp13/myapp/models/user.php, line 37]
2013-11-25 08:58:06 Notice: Notice (8): Undefined variable: token_uses in [/Users/sandeepankundu/Sites/cakephp13/myapp/models/user.php, line 37]
2013-11-25 08:58:06 Notice: Notice (8): Undefined variable: token_uses in [/Users/sandeepankundu/Sites/cakephp13/myapp/models/user.php, line 37]
2013-11-25 08:58:06 Notice: Notice (8): Undefined variable: token_uses in [/Users/sandeepankundu/Sites/cakephp13/myapp/models/user.php, line 37]
2013-11-25 09:04:18 Notice: Notice (8): Undefined variable: token_uses in [/Users/sandeepankundu/Sites/cakephp13/myapp/models/user.php, line 37]
2013-11-25 09:04:18 Notice: Notice (8): Undefined variable: token_uses in [/Users/sandeepankundu/Sites/cakephp13/myapp/models/user.php, line 37]
2013-11-25 09:04:18 Notice: Notice (8): Undefined variable: token_uses in [/Users/sandeepankundu/Sites/cakephp13/myapp/models/user.php, line 37]
2013-11-25 09:04:18 Notice: Notice (8): Undefined variable: token_uses in [/Users/sandeepankundu/Sites/cakephp13/myapp/models/user.php, line 37]
2013-11-25 09:04:19 Notice: Notice (8): Undefined variable: token_uses in [/Users/sandeepankundu/Sites/cakephp13/myapp/models/user.php, line 37]
2013-11-25 09:04:19 Notice: Notice (8): Undefined variable: token_uses in [/Users/sandeepankundu/Sites/cakephp13/myapp/models/user.php, line 37]
2013-11-25 09:05:01 Notice: Notice (8): Undefined variable: token_uses in [/Users/sandeepankundu/Sites/cakephp13/myapp/models/user.php, line 37]
2013-11-25 09:05:01 Notice: Notice (8): Undefined variable: token_uses in [/Users/sandeepankundu/Sites/cakephp13/myapp/models/user.php, line 37]
2013-11-25 09:05:01 Notice: Notice (8): Undefined variable: token_uses in [/Users/sandeepankundu/Sites/cakephp13/myapp/models/user.php, line 37]
2013-11-25 09:05:01 Notice: Notice (8): Undefined variable: token_uses in [/Users/sandeepankundu/Sites/cakephp13/myapp/models/user.php, line 37]
2013-11-25 09:05:01 Notice: Notice (8): Undefined variable: token_uses in [/Users/sandeepankundu/Sites/cakephp13/myapp/models/user.php, line 37]
2013-11-25 09:05:01 Notice: Notice (8): Undefined variable: token_uses in [/Users/sandeepankundu/Sites/cakephp13/myapp/models/user.php, line 37]
2013-11-25 09:05:01 Notice: Notice (8): Undefined variable: token_uses in [/Users/sandeepankundu/Sites/cakephp13/myapp/models/user.php, line 37]
2013-11-25 09:05:24 Notice: Notice (8): Undefined variable: token_uses in [/Users/sandeepankundu/Sites/cakephp13/myapp/models/user.php, line 37]
2013-11-25 09:05:24 Notice: Notice (8): Undefined variable: token_uses in [/Users/sandeepankundu/Sites/cakephp13/myapp/models/user.php, line 37]
2013-11-25 09:05:24 Notice: Notice (8): Undefined variable: token_uses in [/Users/sandeepankundu/Sites/cakephp13/myapp/models/user.php, line 37]
2013-11-25 09:05:24 Notice: Notice (8): Undefined variable: token_uses in [/Users/sandeepankundu/Sites/cakephp13/myapp/models/user.php, line 37]
2013-11-25 09:05:24 Notice: Notice (8): Undefined variable: token_uses in [/Users/sandeepankundu/Sites/cakephp13/myapp/models/user.php, line 37]
2013-11-25 09:05:24 Notice: Notice (8): Undefined variable: token_uses in [/Users/sandeepankundu/Sites/cakephp13/myapp/models/user.php, line 37]
2013-11-25 09:05:24 Notice: Notice (8): Undefined variable: token_uses in [/Users/sandeepankundu/Sites/cakephp13/myapp/models/user.php, line 37]
2013-11-25 09:05:36 Notice: Notice (8): Undefined variable: token_uses in [/Users/sandeepankundu/Sites/cakephp13/myapp/models/user.php, line 37]
2013-11-25 09:05:36 Notice: Notice (8): Undefined variable: token_uses in [/Users/sandeepankundu/Sites/cakephp13/myapp/models/user.php, line 37]
2013-11-25 09:05:36 Notice: Notice (8): Undefined variable: token_uses in [/Users/sandeepankundu/Sites/cakephp13/myapp/models/user.php, line 37]
2013-11-25 09:05:36 Notice: Notice (8): Undefined variable: token_uses in [/Users/sandeepankundu/Sites/cakephp13/myapp/models/user.php, line 37]
2013-11-25 09:05:36 Notice: Notice (8): Undefined variable: token_uses in [/Users/sandeepankundu/Sites/cakephp13/myapp/models/user.php, line 37]
2013-11-25 09:05:36 Notice: Notice (8): Undefined variable: token_uses in [/Users/sandeepankundu/Sites/cakephp13/myapp/models/user.php, line 37]
2013-11-25 09:05:39 Notice: Notice (8): Undefined variable: token_uses in [/Users/sandeepankundu/Sites/cakephp13/myapp/models/user.php, line 37]
2013-11-25 09:05:39 Notice: Notice (8): Undefined variable: token_uses in [/Users/sandeepankundu/Sites/cakephp13/myapp/models/user.php, line 37]
2013-11-25 09:05:39 Notice: Notice (8): Undefined variable: token_uses in [/Users/sandeepankundu/Sites/cakephp13/myapp/models/user.php, line 37]
2013-11-25 09:05:40 Notice: Notice (8): Undefined variable: token_uses in [/Users/sandeepankundu/Sites/cakephp13/myapp/models/user.php, line 37]
2013-11-25 09:05:40 Notice: Notice (8): Undefined variable: token_uses in [/Users/sandeepankundu/Sites/cakephp13/myapp/models/user.php, line 37]
2013-11-25 09:05:40 Notice: Notice (8): Undefined variable: token_uses in [/Users/sandeepankundu/Sites/cakephp13/myapp/models/user.php, line 37]
2013-11-25 09:05:40 Notice: Notice (8): Undefined variable: token_uses in [/Users/sandeepankundu/Sites/cakephp13/myapp/models/user.php, line 37]
2013-11-25 09:05:42 Notice: Notice (8): Undefined variable: token_uses in [/Users/sandeepankundu/Sites/cakephp13/myapp/models/user.php, line 37]
2013-11-25 09:05:43 Notice: Notice (8): Undefined variable: token_uses in [/Users/sandeepankundu/Sites/cakephp13/myapp/models/user.php, line 37]
2013-11-25 09:05:43 Notice: Notice (8): Undefined variable: token_uses in [/Users/sandeepankundu/Sites/cakephp13/myapp/models/user.php, line 37]
2013-11-25 09:05:43 Notice: Notice (8): Undefined variable: token_uses in [/Users/sandeepankundu/Sites/cakephp13/myapp/models/user.php, line 37]
2013-11-25 09:05:43 Notice: Notice (8): Undefined variable: token_uses in [/Users/sandeepankundu/Sites/cakephp13/myapp/models/user.php, line 37]
2013-11-25 09:05:43 Notice: Notice (8): Undefined variable: token_uses in [/Users/sandeepankundu/Sites/cakephp13/myapp/models/user.php, line 37]
2013-11-25 09:05:43 Notice: Notice (8): Undefined variable: token_uses in [/Users/sandeepankundu/Sites/cakephp13/myapp/models/user.php, line 37]
2013-11-25 09:05:48 Notice: Notice (8): Undefined variable: token_uses in [/Users/sandeepankundu/Sites/cakephp13/myapp/models/user.php, line 37]
2013-11-25 09:05:48 Notice: Notice (8): Undefined variable: token_uses in [/Users/sandeepankundu/Sites/cakephp13/myapp/models/user.php, line 37]
2013-11-25 09:05:49 Notice: Notice (8): Undefined variable: token_uses in [/Users/sandeepankundu/Sites/cakephp13/myapp/models/user.php, line 37]
2013-11-25 09:05:49 Notice: Notice (8): Undefined variable: token_uses in [/Users/sandeepankundu/Sites/cakephp13/myapp/models/user.php, line 37]
2013-11-25 09:05:49 Notice: Notice (8): Undefined variable: token_uses in [/Users/sandeepankundu/Sites/cakephp13/myapp/models/user.php, line 37]
2013-11-25 09:05:49 Notice: Notice (8): Undefined variable: token_uses in [/Users/sandeepankundu/Sites/cakephp13/myapp/models/user.php, line 37]
2013-11-25 09:05:49 Notice: Notice (8): Undefined variable: token_uses in [/Users/sandeepankundu/Sites/cakephp13/myapp/models/user.php, line 37]
2013-11-25 09:05:52 Notice: Notice (8): Undefined variable: token_uses in [/Users/sandeepankundu/Sites/cakephp13/myapp/models/user.php, line 37]
2013-11-25 09:05:52 Notice: Notice (8): Undefined variable: token_uses in [/Users/sandeepankundu/Sites/cakephp13/myapp/models/user.php, line 37]
2013-11-25 09:05:52 Notice: Notice (8): Undefined variable: token_uses in [/Users/sandeepankundu/Sites/cakephp13/myapp/models/user.php, line 37]
2013-11-25 09:05:52 Notice: Notice (8): Undefined variable: token_uses in [/Users/sandeepankundu/Sites/cakephp13/myapp/models/user.php, line 37]
2013-11-25 09:05:52 Notice: Notice (8): Undefined variable: token_uses in [/Users/sandeepankundu/Sites/cakephp13/myapp/models/user.php, line 37]
2013-11-25 09:05:52 Notice: Notice (8): Undefined variable: token_uses in [/Users/sandeepankundu/Sites/cakephp13/myapp/models/user.php, line 37]
2013-11-25 09:05:52 Notice: Notice (8): Undefined variable: token_uses in [/Users/sandeepankundu/Sites/cakephp13/myapp/models/user.php, line 37]
2013-11-25 09:20:25 Notice: Notice (8): Undefined property: UsersController::$RequestHandler in [/Users/sandeepankundu/Sites/cakephp13/myapp/controllers/app_controller.php, line 33]
2013-11-25 09:20:25 Notice: Notice (8): Trying to get property of non-object in [/Users/sandeepankundu/Sites/cakephp13/myapp/controllers/app_controller.php, line 33]
2013-11-25 09:23:20 Notice: Notice (8): Undefined property: UsersController::$RequestHandler in [/Users/sandeepankundu/Sites/cakephp13/myapp/controllers/app_controller.php, line 33]
2013-11-25 09:23:20 Notice: Notice (8): Trying to get property of non-object in [/Users/sandeepankundu/Sites/cakephp13/myapp/controllers/app_controller.php, line 33]
2013-11-25 09:23:23 Notice: Notice (8): Undefined property: UsersController::$RequestHandler in [/Users/sandeepankundu/Sites/cakephp13/myapp/controllers/app_controller.php, line 33]
2013-11-25 09:23:23 Notice: Notice (8): Trying to get property of non-object in [/Users/sandeepankundu/Sites/cakephp13/myapp/controllers/app_controller.php, line 33]
2013-11-25 09:26:44 Notice: Notice (8): Undefined property: UsersController::$RequestHandler in [/Users/sandeepankundu/Sites/cakephp13/myapp/controllers/app_controller.php, line 33]
2013-11-25 09:26:44 Notice: Notice (8): Trying to get property of non-object in [/Users/sandeepankundu/Sites/cakephp13/myapp/controllers/app_controller.php, line 33]
2013-11-25 09:26:51 Notice: Notice (8): Undefined property: UsersController::$RequestHandler in [/Users/sandeepankundu/Sites/cakephp13/myapp/controllers/app_controller.php, line 33]
2013-11-25 09:26:51 Notice: Notice (8): Trying to get property of non-object in [/Users/sandeepankundu/Sites/cakephp13/myapp/controllers/app_controller.php, line 33]
2013-11-25 09:29:02 Notice: Notice (8): Undefined property: UsersController::$RequestHandler in [/Users/sandeepankundu/Sites/cakephp13/myapp/controllers/app_controller.php, line 33]
2013-11-25 09:29:02 Notice: Notice (8): Trying to get property of non-object in [/Users/sandeepankundu/Sites/cakephp13/myapp/controllers/app_controller.php, line 33]
2013-11-25 09:29:46 Notice: Notice (8): Undefined property: UsersController::$RequestHandler in [/Users/sandeepankundu/Sites/cakephp13/myapp/controllers/app_controller.php, line 33]
2013-11-25 09:29:46 Notice: Notice (8): Trying to get property of non-object in [/Users/sandeepankundu/Sites/cakephp13/myapp/controllers/app_controller.php, line 33]
2013-11-25 09:32:19 Notice: Notice (8): Undefined property: UsersController::$RequestHandler in [/Users/sandeepankundu/Sites/cakephp13/myapp/controllers/app_controller.php, line 33]
2013-11-25 09:32:19 Notice: Notice (8): Trying to get property of non-object in [/Users/sandeepankundu/Sites/cakephp13/myapp/controllers/app_controller.php, line 33]
2013-11-25 09:32:21 Notice: Notice (8): Undefined property: UsersController::$RequestHandler in [/Users/sandeepankundu/Sites/cakephp13/myapp/controllers/app_controller.php, line 33]
2013-11-25 09:32:21 Notice: Notice (8): Trying to get property of non-object in [/Users/sandeepankundu/Sites/cakephp13/myapp/controllers/app_controller.php, line 33]
2013-11-25 09:32:22 Notice: Notice (8): Undefined property: UsersController::$RequestHandler in [/Users/sandeepankundu/Sites/cakephp13/myapp/controllers/app_controller.php, line 33]
2013-11-25 09:32:22 Notice: Notice (8): Trying to get property of non-object in [/Users/sandeepankundu/Sites/cakephp13/myapp/controllers/app_controller.php, line 33]
2013-11-25 09:32:41 Notice: Notice (8): Undefined property: UsersController::$RequestHandler in [/Users/sandeepankundu/Sites/cakephp13/myapp/controllers/app_controller.php, line 33]
2013-11-25 09:32:41 Notice: Notice (8): Trying to get property of non-object in [/Users/sandeepankundu/Sites/cakephp13/myapp/controllers/app_controller.php, line 33]
2013-11-25 09:32:58 Notice: Notice (8): Undefined property: UsersController::$RequestHandler in [/Users/sandeepankundu/Sites/cakephp13/myapp/controllers/app_controller.php, line 33]
2013-11-25 09:32:58 Notice: Notice (8): Trying to get property of non-object in [/Users/sandeepankundu/Sites/cakephp13/myapp/controllers/app_controller.php, line 33]
2013-11-25 09:32:58 Notice: Notice (8): Undefined property: UsersController::$RequestHandler in [/Users/sandeepankundu/Sites/cakephp13/myapp/controllers/app_controller.php, line 33]
2013-11-25 09:32:58 Notice: Notice (8): Trying to get property of non-object in [/Users/sandeepankundu/Sites/cakephp13/myapp/controllers/app_controller.php, line 33]
2013-11-25 09:33:06 Notice: Notice (8): Undefined property: UsersController::$RequestHandler in [/Users/sandeepankundu/Sites/cakephp13/myapp/controllers/app_controller.php, line 33]
2013-11-25 09:33:06 Notice: Notice (8): Trying to get property of non-object in [/Users/sandeepankundu/Sites/cakephp13/myapp/controllers/app_controller.php, line 33]
2013-11-25 09:33:06 Notice: Notice (8): Undefined property: UsersController::$RequestHandler in [/Users/sandeepankundu/Sites/cakephp13/myapp/controllers/app_controller.php, line 33]
2013-11-25 09:33:06 Notice: Notice (8): Trying to get property of non-object in [/Users/sandeepankundu/Sites/cakephp13/myapp/controllers/app_controller.php, line 33]
2013-11-25 10:08:37 Notice: Notice (8): Undefined variable: credentials in [/Users/sandeepankundu/Sites/cakephp13/myapp/controllers/users_controller.php, line 31]
2013-11-25 10:08:37 Notice: Notice (8): Undefined variable: credentials in [/Users/sandeepankundu/Sites/cakephp13/myapp/controllers/users_controller.php, line 32]
2013-11-25 10:08:53 Notice: Notice (8): Undefined variable: credentials in [/Users/sandeepankundu/Sites/cakephp13/myapp/controllers/users_controller.php, line 31]
2013-11-25 10:08:53 Notice: Notice (8): Undefined variable: credentials in [/Users/sandeepankundu/Sites/cakephp13/myapp/controllers/users_controller.php, line 32]
2013-11-25 10:09:26 Notice: Notice (8): Undefined variable: credentials in [/Users/sandeepankundu/Sites/cakephp13/myapp/controllers/users_controller.php, line 31]
2013-11-25 10:09:26 Notice: Notice (8): Undefined variable: credentials in [/Users/sandeepankundu/Sites/cakephp13/myapp/controllers/users_controller.php, line 32]
2013-11-25 10:11:45 Notice: Notice (8): Undefined variable: credentials in [/Users/sandeepankundu/Sites/cakephp13/myapp/controllers/users_controller.php, line 31]
2013-11-25 10:11:45 Notice: Notice (8): Undefined variable: credentials in [/Users/sandeepankundu/Sites/cakephp13/myapp/controllers/users_controller.php, line 32]
2013-11-25 10:12:55 Notice: Notice (8): Undefined variable: credentials in [/Users/sandeepankundu/Sites/cakephp13/myapp/controllers/users_controller.php, line 31]
2013-11-25 10:12:55 Notice: Notice (8): Undefined variable: credentials in [/Users/sandeepankundu/Sites/cakephp13/myapp/controllers/users_controller.php, line 32]
2013-11-25 10:12:55 Notice: Notice (8): Undefined property: UsersController::$request in [/Users/sandeepankundu/Sites/cakephp13/myapp/controllers/users_controller.php, line 37]
2013-11-25 10:12:55 Notice: Notice (8): Trying to get property of non-object in [/Users/sandeepankundu/Sites/cakephp13/myapp/controllers/users_controller.php, line 37]
2013-11-25 10:13:06 Notice: Notice (8): Undefined variable: credentials in [/Users/sandeepankundu/Sites/cakephp13/myapp/controllers/users_controller.php, line 31]
2013-11-25 10:13:06 Notice: Notice (8): Undefined variable: credentials in [/Users/sandeepankundu/Sites/cakephp13/myapp/controllers/users_controller.php, line 32]
2013-11-25 10:13:06 Notice: Notice (8): Undefined property: UsersController::$request in [/Users/sandeepankundu/Sites/cakephp13/myapp/controllers/users_controller.php, line 37]
2013-11-25 10:13:23 Notice: Notice (8): Undefined variable: credentials in [/Users/sandeepankundu/Sites/cakephp13/myapp/controllers/users_controller.php, line 31]
2013-11-25 10:13:23 Notice: Notice (8): Undefined variable: credentials in [/Users/sandeepankundu/Sites/cakephp13/myapp/controllers/users_controller.php, line 32]
2013-11-25 10:13:23 Notice: Notice (8): Undefined property: UsersController::$request in [/Users/sandeepankundu/Sites/cakephp13/myapp/controllers/users_controller.php, line 37]
2013-11-25 10:14:21 Notice: Notice (8): Undefined variable: credentials in [/Users/sandeepankundu/Sites/cakephp13/myapp/controllers/users_controller.php, line 31]
2013-11-25 10:14:21 Notice: Notice (8): Undefined variable: credentials in [/Users/sandeepankundu/Sites/cakephp13/myapp/controllers/users_controller.php, line 32]
2013-11-25 10:14:21 Notice: Notice (8): Undefined property: UsersController::$request in [/Users/sandeepankundu/Sites/cakephp13/myapp/controllers/users_controller.php, line 37]
2013-11-25 10:16:10 Notice: Notice (8): Undefined variable: credentials in [/Users/sandeepankundu/Sites/cakephp13/myapp/controllers/users_controller.php, line 31]
2013-11-25 10:16:10 Notice: Notice (8): Undefined variable: credentials in [/Users/sandeepankundu/Sites/cakephp13/myapp/controllers/users_controller.php, line 32]
2013-11-25 10:16:10 Notice: Notice (8): Undefined property: UsersController::$request in [/Users/sandeepankundu/Sites/cakephp13/myapp/controllers/users_controller.php, line 37]
2013-11-25 13:06:22 Notice: Notice (8): Undefined variable: credentials in [/Users/sandeepankundu/Sites/cakephp13/myapp/controllers/users_controller.php, line 32]
2013-11-25 13:06:22 Notice: Notice (8): Undefined variable: credentials in [/Users/sandeepankundu/Sites/cakephp13/myapp/controllers/users_controller.php, line 33]
2013-11-25 13:06:29 Notice: Notice (8): Undefined variable: credentials in [/Users/sandeepankundu/Sites/cakephp13/myapp/controllers/users_controller.php, line 32]
2013-11-25 13:06:29 Notice: Notice (8): Undefined variable: credentials in [/Users/sandeepankundu/Sites/cakephp13/myapp/controllers/users_controller.php, line 33]
2013-11-25 13:07:00 Notice: Notice (8): Undefined variable: credentials in [/Users/sandeepankundu/Sites/cakephp13/myapp/controllers/users_controller.php, line 32]
2013-11-25 13:07:00 Notice: Notice (8): Undefined variable: credentials in [/Users/sandeepankundu/Sites/cakephp13/myapp/controllers/users_controller.php, line 33]
2013-11-25 13:08:10 Notice: Notice (8): Undefined variable: credentials in [/Users/sandeepankundu/Sites/cakephp13/myapp/controllers/users_controller.php, line 32]
2013-11-25 13:08:10 Notice: Notice (8): Undefined variable: credentials in [/Users/sandeepankundu/Sites/cakephp13/myapp/controllers/users_controller.php, line 33]
2013-11-25 13:08:24 Notice: Notice (8): Undefined variable: credentials in [/Users/sandeepankundu/Sites/cakephp13/myapp/controllers/users_controller.php, line 32]
2013-11-25 13:08:24 Notice: Notice (8): Undefined variable: credentials in [/Users/sandeepankundu/Sites/cakephp13/myapp/controllers/users_controller.php, line 33]
2013-11-25 13:08:47 Notice: Notice (8): Undefined variable: credentials in [/Users/sandeepankundu/Sites/cakephp13/myapp/controllers/users_controller.php, line 32]
2013-11-25 13:08:47 Notice: Notice (8): Undefined variable: credentials in [/Users/sandeepankundu/Sites/cakephp13/myapp/controllers/users_controller.php, line 33]
2013-11-25 13:08:57 Notice: Notice (8): Undefined variable: credentials in [/Users/sandeepankundu/Sites/cakephp13/myapp/controllers/users_controller.php, line 32]
2013-11-25 13:08:57 Notice: Notice (8): Undefined variable: credentials in [/Users/sandeepankundu/Sites/cakephp13/myapp/controllers/users_controller.php, line 33]
2013-11-25 13:09:14 Notice: Notice (8): Undefined variable: credentials in [/Users/sandeepankundu/Sites/cakephp13/myapp/controllers/users_controller.php, line 32]
2013-11-25 13:09:14 Notice: Notice (8): Undefined variable: credentials in [/Users/sandeepankundu/Sites/cakephp13/myapp/controllers/users_controller.php, line 33]
2013-11-25 13:09:19 Notice: Notice (8): Undefined variable: credentials in [/Users/sandeepankundu/Sites/cakephp13/myapp/controllers/users_controller.php, line 32]
2013-11-25 13:09:19 Notice: Notice (8): Undefined variable: credentials in [/Users/sandeepankundu/Sites/cakephp13/myapp/controllers/users_controller.php, line 33]
2013-11-25 13:11:20 Notice: Notice (8): Undefined variable: credentials in [/Users/sandeepankundu/Sites/cakephp13/myapp/controllers/users_controller.php, line 32]
2013-11-25 13:11:20 Notice: Notice (8): Undefined variable: credentials in [/Users/sandeepankundu/Sites/cakephp13/myapp/controllers/users_controller.php, line 33]
2013-11-25 13:15:23 Notice: Notice (8): Undefined property: UsersController::$request in [/Users/sandeepankundu/Sites/cakephp13/myapp/controllers/users_controller.php, line 29]
2013-11-25 13:16:31 Notice: Notice (8): Undefined property: UsersController::$request in [/Users/sandeepankundu/Sites/cakephp13/myapp/controllers/users_controller.php, line 29]
2013-11-25 13:16:48 Notice: Notice (8): Undefined variable: credentials in [/Users/sandeepankundu/Sites/cakephp13/myapp/controllers/users_controller.php, line 32]
2013-11-25 13:16:48 Notice: Notice (8): Undefined variable: credentials in [/Users/sandeepankundu/Sites/cakephp13/myapp/controllers/users_controller.php, line 33]
2013-11-25 13:17:13 Notice: Notice (8): Undefined variable: credentials in [/Users/sandeepankundu/Sites/cakephp13/myapp/controllers/users_controller.php, line 32]
2013-11-25 13:17:13 Notice: Notice (8): Undefined variable: credentials in [/Users/sandeepankundu/Sites/cakephp13/myapp/controllers/users_controller.php, line 33]
2013-11-25 13:18:19 Notice: Notice (8): Undefined variable: credentials in [/Users/sandeepankundu/Sites/cakephp13/myapp/controllers/users_controller.php, line 32]
2013-11-25 13:18:19 Notice: Notice (8): Undefined variable: credentials in [/Users/sandeepankundu/Sites/cakephp13/myapp/controllers/users_controller.php, line 33]
2013-11-25 13:18:37 Notice: Notice (8): Undefined variable: credentials in [/Users/sandeepankundu/Sites/cakephp13/myapp/controllers/users_controller.php, line 32]
2013-11-25 13:18:37 Notice: Notice (8): Undefined variable: credentials in [/Users/sandeepankundu/Sites/cakephp13/myapp/controllers/users_controller.php, line 33]
2013-11-25 13:19:22 Notice: Notice (8): Undefined property: UsersController::$request in [/Users/sandeepankundu/Sites/cakephp13/myapp/controllers/users_controller.php, line 29]
2013-11-25 13:19:43 Notice: Notice (8): Undefined variable: credentials in [/Users/sandeepankundu/Sites/cakephp13/myapp/controllers/users_controller.php, line 32]
2013-11-25 13:19:43 Notice: Notice (8): Undefined variable: credentials in [/Users/sandeepankundu/Sites/cakephp13/myapp/controllers/users_controller.php, line 33]
2013-11-25 13:19:58 Notice: Notice (8): Undefined variable: credentials in [/Users/sandeepankundu/Sites/cakephp13/myapp/controllers/users_controller.php, line 32]
2013-11-25 13:19:58 Notice: Notice (8): Undefined variable: credentials in [/Users/sandeepankundu/Sites/cakephp13/myapp/controllers/users_controller.php, line 33]
2013-11-25 13:47:33 Notice: Notice (8): Undefined index: email in [/Users/sandeepankundu/Sites/cakephp13/myapp/controllers/users_controller.php, line 29]
2013-11-25 13:47:37 Notice: Notice (8): Undefined index: email in [/Users/sandeepankundu/Sites/cakephp13/myapp/controllers/users_controller.php, line 29]
2013-11-25 13:47:37 Notice: Notice (8): Undefined variable: credentials in [/Users/sandeepankundu/Sites/cakephp13/myapp/controllers/users_controller.php, line 34]
2013-11-25 13:47:37 Notice: Notice (8): Undefined variable: credentials in [/Users/sandeepankundu/Sites/cakephp13/myapp/controllers/users_controller.php, line 35]
2013-11-25 13:47:46 Notice: Notice (8): Undefined index: email in [/Users/sandeepankundu/Sites/cakephp13/myapp/controllers/users_controller.php, line 29]
2013-11-25 13:47:46 Notice: Notice (8): Undefined variable: credentials in [/Users/sandeepankundu/Sites/cakephp13/myapp/controllers/users_controller.php, line 34]
2013-11-25 13:47:46 Notice: Notice (8): Undefined variable: credentials in [/Users/sandeepankundu/Sites/cakephp13/myapp/controllers/users_controller.php, line 35]
2013-11-25 13:48:26 Notice: Notice (8): Undefined index: email in [/Users/sandeepankundu/Sites/cakephp13/myapp/controllers/users_controller.php, line 29]
2013-11-25 13:48:26 Notice: Notice (8): Undefined variable: credentials in [/Users/sandeepankundu/Sites/cakephp13/myapp/controllers/users_controller.php, line 34]
2013-11-25 13:48:26 Notice: Notice (8): Undefined variable: credentials in [/Users/sandeepankundu/Sites/cakephp13/myapp/controllers/users_controller.php, line 35]
2013-11-25 13:48:50 Notice: Notice (8): Undefined index: username in [/Users/sandeepankundu/Sites/cakephp13/myapp/controllers/users_controller.php, line 29]
2013-11-25 13:48:50 Notice: Notice (8): Undefined variable: credentials in [/Users/sandeepankundu/Sites/cakephp13/myapp/controllers/users_controller.php, line 34]
2013-11-25 13:48:50 Notice: Notice (8): Undefined variable: credentials in [/Users/sandeepankundu/Sites/cakephp13/myapp/controllers/users_controller.php, line 35]
2013-11-25 13:48:53 Notice: Notice (8): Undefined index: username in [/Users/sandeepankundu/Sites/cakephp13/myapp/controllers/users_controller.php, line 29]
2013-11-25 13:48:53 Notice: Notice (8): Undefined variable: credentials in [/Users/sandeepankundu/Sites/cakephp13/myapp/controllers/users_controller.php, line 34]
2013-11-25 13:48:53 Notice: Notice (8): Undefined variable: credentials in [/Users/sandeepankundu/Sites/cakephp13/myapp/controllers/users_controller.php, line 35]
2013-11-25 13:50:20 Notice: Notice (8): Undefined variable: credentials in [/Users/sandeepankundu/Sites/cakephp13/myapp/controllers/users_controller.php, line 37]
2013-11-25 13:50:20 Notice: Notice (8): Undefined variable: credentials in [/Users/sandeepankundu/Sites/cakephp13/myapp/controllers/users_controller.php, line 38]
2013-11-25 13:51:47 Notice: Notice (8): Undefined variable: credentials in [/Users/sandeepankundu/Sites/cakephp13/myapp/controllers/users_controller.php, line 37]
2013-11-25 13:51:47 Notice: Notice (8): Undefined variable: credentials in [/Users/sandeepankundu/Sites/cakephp13/myapp/controllers/users_controller.php, line 38]
2013-11-25 13:51:56 Notice: Notice (8): Undefined variable: credentials in [/Users/sandeepankundu/Sites/cakephp13/myapp/controllers/users_controller.php, line 37]
2013-11-25 13:51:56 Notice: Notice (8): Undefined variable: credentials in [/Users/sandeepankundu/Sites/cakephp13/myapp/controllers/users_controller.php, line 38]
2013-11-25 14:20:40 Notice: Notice (8): Use of undefined constant hashedpwd - assumed 'hashedpwd' in [/Users/sandeepankundu/Sites/cakephp13/myapp/controllers/users_controller.php, line 18]
2013-11-25 15:01:01 Notice: Notice (8): Undefined variable: model in [/Users/sandeepankundu/Sites/cakephp13/myapp/controllers/users_controller.php, line 37]
2013-11-25 15:01:23 Notice: Notice (8): Undefined variable: model in [/Users/sandeepankundu/Sites/cakephp13/myapp/controllers/users_controller.php, line 37]
2013-11-25 15:01:55 Notice: Notice (8): Undefined variable: model in [/Users/sandeepankundu/Sites/cakephp13/myapp/controllers/users_controller.php, line 37]
2013-11-25 15:02:11 Notice: Notice (8): Undefined variable: model in [/Users/sandeepankundu/Sites/cakephp13/myapp/controllers/users_controller.php, line 36]
2013-11-25 15:02:18 Notice: Notice (8): Undefined variable: model in [/Users/sandeepankundu/Sites/cakephp13/myapp/controllers/users_controller.php, line 36]
2013-11-25 15:02:25 Notice: Notice (8): Undefined variable: model in [/Users/sandeepankundu/Sites/cakephp13/myapp/controllers/users_controller.php, line 36]
2013-11-25 15:02:32 Notice: Notice (8): Undefined variable: model in [/Users/sandeepankundu/Sites/cakephp13/myapp/controllers/users_controller.php, line 36]
2013-11-25 15:03:15 Notice: Notice (8): Undefined index: username in [/Users/sandeepankundu/Sites/cakephp13/myapp/controllers/users_controller.php, line 37]
2013-11-25 15:03:15 Notice: Notice (8): Undefined index: password in [/Users/sandeepankundu/Sites/cakephp13/myapp/controllers/users_controller.php, line 37]
2013-11-25 15:14:06 Notice: Notice (8): Undefined property: AuthComponent::$user in [/Users/sandeepankundu/Sites/cakephp13/myapp/controllers/users_controller.php, line 89]
2013-11-25 15:14:40 Notice: Notice (8): Undefined property: AuthComponent::$user in [/Users/sandeepankundu/Sites/cakephp13/myapp/controllers/users_controller.php, line 89]
2013-11-25 15:15:06 Notice: Notice (8): Undefined property: AuthComponent::$user in [/Users/sandeepankundu/Sites/cakephp13/myapp/controllers/users_controller.php, line 89]
2013-11-25 15:15:06 Notice: Notice (8): Undefined index: id in [/Users/sandeepankundu/Sites/cakephp13/myapp/controllers/users_controller.php, line 97]
2013-11-25 15:15:24 Notice: Notice (8): Undefined property: AuthComponent::$user in [/Users/sandeepankundu/Sites/cakephp13/myapp/controllers/users_controller.php, line 89]
2013-11-25 15:15:45 Notice: Notice (8): Undefined property: AuthComponent::$user in [/Users/sandeepankundu/Sites/cakephp13/myapp/controllers/users_controller.php, line 89]
2013-11-25 15:16:25 Notice: Notice (8): Undefined property: AuthComponent::$user in [/Users/sandeepankundu/Sites/cakephp13/myapp/controllers/users_controller.php, line 89]
2013-11-25 15:17:30 Notice: Notice (8): Undefined property: AuthComponent::$user in [/Users/sandeepankundu/Sites/cakephp13/myapp/controllers/users_controller.php, line 89]
2013-11-25 15:17:30 Notice: Notice (8): Undefined variable: token in [/Users/sandeepankundu/Sites/cakephp13/myapp/controllers/users_controller.php, line 100]
2013-11-25 15:18:01 Notice: Notice (8): Undefined property: AuthComponent::$user in [/Users/sandeepankundu/Sites/cakephp13/myapp/controllers/users_controller.php, line 89]
2013-11-25 15:18:01 Notice: Notice (8): Undefined variable: token in [/Users/sandeepankundu/Sites/cakephp13/myapp/controllers/users_controller.php, line 100]
2013-11-25 15:18:40 Notice: Notice (8): Undefined property: AuthComponent::$user in [/Users/sandeepankundu/Sites/cakephp13/myapp/controllers/users_controller.php, line 89]
2013-11-25 15:19:52 Notice: Notice (8): Undefined property: AuthComponent::$user in [/Users/sandeepankundu/Sites/cakephp13/myapp/controllers/users_controller.php, line 89]
2013-11-25 15:20:19 Notice: Notice (8): Undefined property: AuthComponent::$user in [/Users/sandeepankundu/Sites/cakephp13/myapp/controllers/users_controller.php, line 89]
2013-11-25 15:20:25 Notice: Notice (8): Undefined property: AuthComponent::$user in [/Users/sandeepankundu/Sites/cakephp13/myapp/controllers/users_controller.php, line 89]
2013-11-25 15:22:04 Notice: Notice (8): Undefined property: AuthComponent::$user in [/Users/sandeepankundu/Sites/cakephp13/myapp/controllers/users_controller.php, line 89]
2013-11-25 15:22:04 Notice: Notice (8): Undefined property: AuthComponent::$user in [/Users/sandeepankundu/Sites/cakephp13/myapp/controllers/users_controller.php, line 94]
2013-11-25 15:22:15 Notice: Notice (8): Undefined property: AuthComponent::$user in [/Users/sandeepankundu/Sites/cakephp13/myapp/controllers/users_controller.php, line 94]
2013-11-25 15:31:00 Notice: Notice (8): Undefined property: AuthComponent::$user in [/Users/sandeepankundu/Sites/cakephp13/myapp/controllers/users_controller.php, line 39]
2013-11-25 15:31:44 Notice: Notice (8): Undefined property: AuthComponent::$user in [/Users/sandeepankundu/Sites/cakephp13/myapp/controllers/users_controller.php, line 39]
2013-11-25 15:32:36 Notice: Notice (8): Undefined property: AuthComponent::$user in [/Users/sandeepankundu/Sites/cakephp13/myapp/controllers/users_controller.php, line 39]
